[2021/11/28 10:46:18.493] - Starting server with initial configuration: {"gasLimit":6721975,"gasPrice":20000000000,"hardfork":"byzantium","hostname":"127.0.0.1","port":7545,"network_id":5777,"default_balance_ether":100,"total_accounts":10,"unlocked_accounts":[],"locked":false,"vmErrorsOnRPCResponse":true,"verbose":true,"db_path":"C:\\Users\\12536\\AppData\\Roaming\\Ganache\\workspaces\\vanet-ethereum\\chaindata","logDirectory":"C:\\Users\\12536\\Documents\\Capstone\\ethereum"}
[2021/11/28 10:46:18.630] - eth_subscribe
[2021/11/28 10:46:18.631] -    > {
   >   "jsonrpc": "2.0",
   >   "id": 1,
   >   "method": "eth_subscribe",
   >   "params": [
   >     "newHeads"
   >   ]
   > }
[2021/11/28 10:46:18.633] - eth_getLogs
[2021/11/28 10:46:18.634] -    > {
   >   "jsonrpc": "2.0",
   >   "id": 2,
   >   "method": "eth_getLogs",
   >   "params": [
   >     {
   >       "topics": []
   >     }
   >   ]
   > }
[2021/11/28 10:46:18.635] - eth_subscribe
[2021/11/28 10:46:18.637] -    > {
   >   "jsonrpc": "2.0",
   >   "id": 3,
   >   "method": "eth_subscribe",
   >   "params": [
   >     "logs",
   >     {
   >       "topics": []
   >     }
   >   ]
   > }
[2021/11/28 10:46:18.641] -  <   {
 <     "id": 1,
 <     "jsonrpc": "2.0",
 <     "result": "0x1"
 <   }
[2021/11/28 10:46:18.648] -  <   {
 <     "id": 2,
 <     "jsonrpc": "2.0",
 <     "result": []
 <   }
[2021/11/28 10:46:18.649] -  <   {
 <     "id": 3,
 <     "jsonrpc": "2.0",
 <     "result": "0x2"
 <   }
[2021/11/28 10:46:18.695] - eth_subscribe
[2021/11/28 10:46:18.696] -    > {
   >   "jsonrpc": "2.0",
   >   "id": 4,
   >   "method": "eth_subscribe",
   >   "params": [
   >     "newHeads"
   >   ]
   > }
[2021/11/28 10:46:18.697] - eth_getLogs
[2021/11/28 10:46:18.698] -    > {
   >   "jsonrpc": "2.0",
   >   "id": 5,
   >   "method": "eth_getLogs",
   >   "params": [
   >     {
   >       "topics": []
   >     }
   >   ]
   > }
[2021/11/28 10:46:18.700] - eth_subscribe
[2021/11/28 10:46:18.701] -    > {
   >   "jsonrpc": "2.0",
   >   "id": 6,
   >   "method": "eth_subscribe",
   >   "params": [
   >     "logs",
   >     {
   >       "topics": []
   >     }
   >   ]
   > }
[2021/11/28 10:46:18.702] -  <   {
 <     "id": 4,
 <     "jsonrpc": "2.0",
 <     "result": "0x3"
 <   }
[2021/11/28 10:46:18.708] -  <   {
 <     "id": 5,
 <     "jsonrpc": "2.0",
 <     "result": []
 <   }
[2021/11/28 10:46:18.712] -  <   {
 <     "id": 6,
 <     "jsonrpc": "2.0",
 <     "result": "0x4"
 <   }
[2021/11/28 10:46:18.780] - eth_blockNumber
[2021/11/28 10:46:18.781] -    > {
   >   "jsonrpc": "2.0",
   >   "id": 6,
   >   "method": "eth_blockNumber",
   >   "params": [],
   >   "internal": true
   > }
[2021/11/28 10:46:18.781] - eth_accounts
[2021/11/28 10:46:18.782] -    > {
   >   "jsonrpc": "2.0",
   >   "id": 7,
   >   "method": "eth_accounts",
   >   "params": [],
   >   "internal": true
   > }
[2021/11/28 10:46:18.783] - eth_blockNumber
[2021/11/28 10:46:18.784] -    > {
   >   "jsonrpc": "2.0",
   >   "id": 1,
   >   "method": "eth_blockNumber",
   >   "params": [],
   >   "internal": true
   > }
[2021/11/28 10:46:18.784] - eth_gasPrice
[2021/11/28 10:46:18.785] -    > {
   >   "jsonrpc": "2.0",
   >   "id": 8,
   >   "method": "eth_gasPrice",
   >   "params": [],
   >   "internal": true
   > }
[2021/11/28 10:46:18.785] - eth_accounts
[2021/11/28 10:46:18.786] -    > {
   >   "jsonrpc": "2.0",
   >   "id": 2,
   >   "method": "eth_accounts",
   >   "params": [],
   >   "internal": true
   > }
[2021/11/28 10:46:18.787] -  <   {
 <     "id": 6,
 <     "jsonrpc": "2.0",
 <     "result": "0x0"
 <   }
[2021/11/28 10:46:18.788] - eth_getBlockByNumber
[2021/11/28 10:46:18.788] -    > {
   >   "jsonrpc": "2.0",
   >   "id": 9,
   >   "method": "eth_getBlockByNumber",
   >   "params": [
   >     "latest",
   >     false
   >   ],
   >   "internal": true
   > }
[2021/11/28 10:46:18.789] - eth_gasPrice
[2021/11/28 10:46:18.790] -    > {
   >   "jsonrpc": "2.0",
   >   "id": 3,
   >   "method": "eth_gasPrice",
   >   "params": [],
   >   "internal": true
   > }
[2021/11/28 10:46:18.791] -  <   {
 <     "id": 7,
 <     "jsonrpc": "2.0",
 <     "result": [
 <       "0x7bcbd8b641c0d7cfa5e7a508415d2dbdbf2e28dd",
 <       "0x861dba74ef1a58a870ef1150f4cdafd27b1d7c37",
 <       "0xd2ea4869e84f1809075df635e70dc0b4cde52160",
 <       "0x95b0e6a340f549dccc18d6b9bdd4a8b89ea66602",
 <       "0xcf65c66876a9c875c4da9d5bb0afc589d653e0ed",
 <       "0xece8bb6a6fe955c54ad1ab8e26cfa46b1e731c4e",
 <       "0xf81b915d832f05d1e0fed9f975a319efef0bd0de",
 <       "0xca3eeff9fde61a9ba73e17c5655d53d821a7c984",
 <       "0xfb154d4cd86651894199356da675f500d4cd68b6",
 <       "0x5f64c48848b9f96b50c406ede4a6af72d5154d35"
 <     ]
 <   }
[2021/11/28 10:46:18.792] - eth_subscribe
[2021/11/28 10:46:18.792] -    > {
   >   "jsonrpc": "2.0",
   >   "id": 10,
   >   "method": "eth_subscribe",
   >   "params": [
   >     "newHeads"
   >   ],
   >   "internal": true
   > }
[2021/11/28 10:46:18.793] - eth_getBlockByNumber
[2021/11/28 10:46:18.793] -    > {
   >   "jsonrpc": "2.0",
   >   "id": 4,
   >   "method": "eth_getBlockByNumber",
   >   "params": [
   >     "latest",
   >     false
   >   ],
   >   "internal": true
   > }
[2021/11/28 10:46:18.794] -  <   {
 <     "id": 1,
 <     "jsonrpc": "2.0",
 <     "result": "0x0"
 <   }
[2021/11/28 10:46:18.795] - eth_subscribe
[2021/11/28 10:46:18.795] -    > {
   >   "jsonrpc": "2.0",
   >   "id": 5,
   >   "method": "eth_subscribe",
   >   "params": [
   >     "newHeads"
   >   ],
   >   "internal": true
   > }
[2021/11/28 10:46:18.796] -  <   {
 <     "id": 8,
 <     "jsonrpc": "2.0",
 <     "result": "0x4a817c800"
 <   }
[2021/11/28 10:46:18.798] -  <   {
 <     "id": 2,
 <     "jsonrpc": "2.0",
 <     "result": [
 <       "0x7bcbd8b641c0d7cfa5e7a508415d2dbdbf2e28dd",
 <       "0x861dba74ef1a58a870ef1150f4cdafd27b1d7c37",
 <       "0xd2ea4869e84f1809075df635e70dc0b4cde52160",
 <       "0x95b0e6a340f549dccc18d6b9bdd4a8b89ea66602",
 <       "0xcf65c66876a9c875c4da9d5bb0afc589d653e0ed",
 <       "0xece8bb6a6fe955c54ad1ab8e26cfa46b1e731c4e",
 <       "0xf81b915d832f05d1e0fed9f975a319efef0bd0de",
 <       "0xca3eeff9fde61a9ba73e17c5655d53d821a7c984",
 <       "0xfb154d4cd86651894199356da675f500d4cd68b6",
 <       "0x5f64c48848b9f96b50c406ede4a6af72d5154d35"
 <     ]
 <   }
[2021/11/28 10:46:18.801] -  <   {
 <     "id": 9,
 <     "jsonrpc": "2.0",
 <     "result": {
 <       "number": "0x0",
 <       "hash": "0xe6a3901bc620cdd0677596f18e53c3ef57aa5434b73ab5259366c4cd89779108",
 <       "parentHash": "0x0000000000000000000000000000000000000000000000000000000000000000",
 <       "mixHash": "0x0000000000000000000000000000000000000000000000000000000000000000",
 <       "nonce": "0x0000000000000000",
 <       "sha3Uncles": "0x1dcc4de8dec75d7aab85b567b6ccd41ad312451b948a7413f0a142fd40d49347",
 <       "logsBloom": "0x00000000000000000000000000000000000000000000000000000000000000000000000000000000000000000000000000000000000000000000000000000000000000000000000000000000000000000000000000000000000000000000000000000000000000000000000000000000000000000000000000000000000000000000000000000000000000000000000000000000000000000000000000000000000000000000000000000000000000000000000000000000000000000000000000000000000000000000000000000000000000000000000000000000000000000000000000000000000000000000000000000000000000000000000000000000",
 <       "transactionsRoot": "0x56e81f171bcc55a6ff8345e692c0f86e5b48e01b996cadc001622fb5e363b421",
 <       "stateRoot": "0xfde296a0bb0e312d42f136b0bfc0e195960c71da7ece8f8a8a538f47a105a6a0",
 <       "receiptsRoot": "0x56e81f171bcc55a6ff8345e692c0f86e5b48e01b996cadc001622fb5e363b421",
 <       "miner": "0x0000000000000000000000000000000000000000",
 <       "difficulty": "0x0",
 <       "totalDifficulty": "0x0",
 <       "extraData": "0x",
 <       "size": "0x3e8",
 <       "gasLimit": "0x6691b7",
 <       "gasUsed": "0x0",
 <       "timestamp": "0x6157705d",
 <       "transactions": [],
 <       "uncles": []
 <     }
 <   }
[2021/11/28 10:46:18.802] -  <   {
 <     "id": 3,
 <     "jsonrpc": "2.0",
 <     "result": "0x4a817c800"
 <   }
[2021/11/28 10:46:18.803] - eth_accounts
[2021/11/28 10:46:18.805] -    > {
   >   "jsonrpc": "2.0",
   >   "id": 11,
   >   "method": "eth_accounts",
   >   "params": [],
   >   "internal": true
   > }
[2021/11/28 10:46:18.805] -  <   {
 <     "id": 10,
 <     "jsonrpc": "2.0",
 <     "result": "0x5"
 <   }
[2021/11/28 10:46:18.808] -  <   {
 <     "id": 4,
 <     "jsonrpc": "2.0",
 <     "result": {
 <       "number": "0x0",
 <       "hash": "0xe6a3901bc620cdd0677596f18e53c3ef57aa5434b73ab5259366c4cd89779108",
 <       "parentHash": "0x0000000000000000000000000000000000000000000000000000000000000000",
 <       "mixHash": "0x0000000000000000000000000000000000000000000000000000000000000000",
 <       "nonce": "0x0000000000000000",
 <       "sha3Uncles": "0x1dcc4de8dec75d7aab85b567b6ccd41ad312451b948a7413f0a142fd40d49347",
 <       "logsBloom": "0x00000000000000000000000000000000000000000000000000000000000000000000000000000000000000000000000000000000000000000000000000000000000000000000000000000000000000000000000000000000000000000000000000000000000000000000000000000000000000000000000000000000000000000000000000000000000000000000000000000000000000000000000000000000000000000000000000000000000000000000000000000000000000000000000000000000000000000000000000000000000000000000000000000000000000000000000000000000000000000000000000000000000000000000000000000000",
 <       "transactionsRoot": "0x56e81f171bcc55a6ff8345e692c0f86e5b48e01b996cadc001622fb5e363b421",
 <       "stateRoot": "0xfde296a0bb0e312d42f136b0bfc0e195960c71da7ece8f8a8a538f47a105a6a0",
 <       "receiptsRoot": "0x56e81f171bcc55a6ff8345e692c0f86e5b48e01b996cadc001622fb5e363b421",
 <       "miner": "0x0000000000000000000000000000000000000000",
 <       "difficulty": "0x0",
 <       "totalDifficulty": "0x0",
 <       "extraData": "0x",
 <       "size": "0x3e8",
 <       "gasLimit": "0x6691b7",
 <       "gasUsed": "0x0",
 <       "timestamp": "0x6157705d",
 <       "transactions": [],
 <       "uncles": []
 <     }
 <   }
[2021/11/28 10:46:18.810] -  <   {
 <     "id": 5,
 <     "jsonrpc": "2.0",
 <     "result": "0x6"
 <   }
[2021/11/28 10:46:18.812] -  <   {
 <     "id": 11,
 <     "jsonrpc": "2.0",
 <     "result": [
 <       "0x7bcbd8b641c0d7cfa5e7a508415d2dbdbf2e28dd",
 <       "0x861dba74ef1a58a870ef1150f4cdafd27b1d7c37",
 <       "0xd2ea4869e84f1809075df635e70dc0b4cde52160",
 <       "0x95b0e6a340f549dccc18d6b9bdd4a8b89ea66602",
 <       "0xcf65c66876a9c875c4da9d5bb0afc589d653e0ed",
 <       "0xece8bb6a6fe955c54ad1ab8e26cfa46b1e731c4e",
 <       "0xf81b915d832f05d1e0fed9f975a319efef0bd0de",
 <       "0xca3eeff9fde61a9ba73e17c5655d53d821a7c984",
 <       "0xfb154d4cd86651894199356da675f500d4cd68b6",
 <       "0x5f64c48848b9f96b50c406ede4a6af72d5154d35"
 <     ]
 <   }
[2021/11/28 10:46:18.833] - eth_getBalance
[2021/11/28 10:46:18.833] -    > {
   >   "jsonrpc": "2.0",
   >   "id": 12,
   >   "method": "eth_getBalance",
   >   "params": [
   >     "0x7bcbd8b641c0d7cfa5e7a508415d2dbdbf2e28dd",
   >     "latest"
   >   ],
   >   "internal": true
   > }
[2021/11/28 10:46:18.837] - eth_getTransactionCount
[2021/11/28 10:46:18.838] -    > {
   >   "jsonrpc": "2.0",
   >   "id": 13,
   >   "method": "eth_getTransactionCount",
   >   "params": [
   >     "0x7bcbd8b641c0d7cfa5e7a508415d2dbdbf2e28dd",
   >     "latest"
   >   ],
   >   "internal": true
   > }
[2021/11/28 10:46:18.839] -  <   {
 <     "id": 12,
 <     "jsonrpc": "2.0",
 <     "result": "0x56bc75e2d63100000"
 <   }
[2021/11/28 10:46:18.840] - eth_getBalance
[2021/11/28 10:46:18.841] -    > {
   >   "jsonrpc": "2.0",
   >   "id": 14,
   >   "method": "eth_getBalance",
   >   "params": [
   >     "0x861dba74ef1a58a870ef1150f4cdafd27b1d7c37",
   >     "latest"
   >   ],
   >   "internal": true
   > }
[2021/11/28 10:46:18.842] -  <   {
 <     "id": 13,
 <     "jsonrpc": "2.0",
 <     "result": "0x0"
 <   }
[2021/11/28 10:46:18.844] - eth_getTransactionCount
[2021/11/28 10:46:18.845] -    > {
   >   "jsonrpc": "2.0",
   >   "id": 15,
   >   "method": "eth_getTransactionCount",
   >   "params": [
   >     "0x861dba74ef1a58a870ef1150f4cdafd27b1d7c37",
   >     "latest"
   >   ],
   >   "internal": true
   > }
[2021/11/28 10:46:18.846] -  <   {
 <     "id": 14,
 <     "jsonrpc": "2.0",
 <     "result": "0x56bc75e2d63100000"
 <   }
[2021/11/28 10:46:18.847] - eth_getBalance
[2021/11/28 10:46:18.847] -    > {
   >   "jsonrpc": "2.0",
   >   "id": 16,
   >   "method": "eth_getBalance",
   >   "params": [
   >     "0xd2ea4869e84f1809075df635e70dc0b4cde52160",
   >     "latest"
   >   ],
   >   "internal": true
   > }
[2021/11/28 10:46:18.848] -  <   {
 <     "id": 15,
 <     "jsonrpc": "2.0",
 <     "result": "0x0"
 <   }
[2021/11/28 10:46:18.851] - eth_getTransactionCount
[2021/11/28 10:46:18.851] -    > {
   >   "jsonrpc": "2.0",
   >   "id": 17,
   >   "method": "eth_getTransactionCount",
   >   "params": [
   >     "0xd2ea4869e84f1809075df635e70dc0b4cde52160",
   >     "latest"
   >   ],
   >   "internal": true
   > }
[2021/11/28 10:46:18.853] - eth_getBalance
[2021/11/28 10:46:18.854] -    > {
   >   "jsonrpc": "2.0",
   >   "id": 18,
   >   "method": "eth_getBalance",
   >   "params": [
   >     "0x95b0e6a340f549dccc18d6b9bdd4a8b89ea66602",
   >     "latest"
   >   ],
   >   "internal": true
   > }
[2021/11/28 10:46:18.856] - eth_getTransactionCount
[2021/11/28 10:46:18.856] -    > {
   >   "jsonrpc": "2.0",
   >   "id": 19,
   >   "method": "eth_getTransactionCount",
   >   "params": [
   >     "0x95b0e6a340f549dccc18d6b9bdd4a8b89ea66602",
   >     "latest"
   >   ],
   >   "internal": true
   > }
[2021/11/28 10:46:18.859] - eth_getBalance
[2021/11/28 10:46:18.860] -    > {
   >   "jsonrpc": "2.0",
   >   "id": 20,
   >   "method": "eth_getBalance",
   >   "params": [
   >     "0xcf65c66876a9c875c4da9d5bb0afc589d653e0ed",
   >     "latest"
   >   ],
   >   "internal": true
   > }
[2021/11/28 10:46:18.861] -  <   {
 <     "id": 16,
 <     "jsonrpc": "2.0",
 <     "result": "0x56bc75e2d63100000"
 <   }
[2021/11/28 10:46:18.864] -  <   {
 <     "id": 17,
 <     "jsonrpc": "2.0",
 <     "result": "0x0"
 <   }
[2021/11/28 10:46:18.865] - eth_getTransactionCount
[2021/11/28 10:46:18.865] -    > {
   >   "jsonrpc": "2.0",
   >   "id": 21,
   >   "method": "eth_getTransactionCount",
   >   "params": [
   >     "0xcf65c66876a9c875c4da9d5bb0afc589d653e0ed",
   >     "latest"
   >   ],
   >   "internal": true
   > }
[2021/11/28 10:46:18.867] - eth_getBalance
[2021/11/28 10:46:18.867] -    > {
   >   "jsonrpc": "2.0",
   >   "id": 22,
   >   "method": "eth_getBalance",
   >   "params": [
   >     "0xece8bb6a6fe955c54ad1ab8e26cfa46b1e731c4e",
   >     "latest"
   >   ],
   >   "internal": true
   > }
[2021/11/28 10:46:18.868] -  <   {
 <     "id": 18,
 <     "jsonrpc": "2.0",
 <     "result": "0x56bc75e2d63100000"
 <   }
[2021/11/28 10:46:18.869] - eth_getTransactionCount
[2021/11/28 10:46:18.870] -    > {
   >   "jsonrpc": "2.0",
   >   "id": 23,
   >   "method": "eth_getTransactionCount",
   >   "params": [
   >     "0xece8bb6a6fe955c54ad1ab8e26cfa46b1e731c4e",
   >     "latest"
   >   ],
   >   "internal": true
   > }
[2021/11/28 10:46:18.871] -  <   {
 <     "id": 19,
 <     "jsonrpc": "2.0",
 <     "result": "0x0"
 <   }
[2021/11/28 10:46:18.873] - eth_getBalance
[2021/11/28 10:46:18.874] -    > {
   >   "jsonrpc": "2.0",
   >   "id": 24,
   >   "method": "eth_getBalance",
   >   "params": [
   >     "0xf81b915d832f05d1e0fed9f975a319efef0bd0de",
   >     "latest"
   >   ],
   >   "internal": true
   > }
[2021/11/28 10:46:18.876] -  <   {
 <     "id": 20,
 <     "jsonrpc": "2.0",
 <     "result": "0x56bc75e2d63100000"
 <   }
[2021/11/28 10:46:18.876] - eth_getTransactionCount
[2021/11/28 10:46:18.877] -    > {
   >   "jsonrpc": "2.0",
   >   "id": 25,
   >   "method": "eth_getTransactionCount",
   >   "params": [
   >     "0xf81b915d832f05d1e0fed9f975a319efef0bd0de",
   >     "latest"
   >   ],
   >   "internal": true
   > }
[2021/11/28 10:46:18.878] -  <   {
 <     "id": 21,
 <     "jsonrpc": "2.0",
 <     "result": "0x0"
 <   }
[2021/11/28 10:46:18.878] - eth_getBalance
[2021/11/28 10:46:18.879] -    > {
   >   "jsonrpc": "2.0",
   >   "id": 26,
   >   "method": "eth_getBalance",
   >   "params": [
   >     "0xca3eeff9fde61a9ba73e17c5655d53d821a7c984",
   >     "latest"
   >   ],
   >   "internal": true
   > }
[2021/11/28 10:46:18.881] - eth_getTransactionCount
[2021/11/28 10:46:18.881] -    > {
   >   "jsonrpc": "2.0",
   >   "id": 27,
   >   "method": "eth_getTransactionCount",
   >   "params": [
   >     "0xca3eeff9fde61a9ba73e17c5655d53d821a7c984",
   >     "latest"
   >   ],
   >   "internal": true
   > }
[2021/11/28 10:46:18.883] -  <   {
 <     "id": 22,
 <     "jsonrpc": "2.0",
 <     "result": "0x56bc75e2d63100000"
 <   }
[2021/11/28 10:46:18.883] - eth_getBalance
[2021/11/28 10:46:18.884] -    > {
   >   "jsonrpc": "2.0",
   >   "id": 28,
   >   "method": "eth_getBalance",
   >   "params": [
   >     "0xfb154d4cd86651894199356da675f500d4cd68b6",
   >     "latest"
   >   ],
   >   "internal": true
   > }
[2021/11/28 10:46:18.885] -  <   {
 <     "id": 23,
 <     "jsonrpc": "2.0",
 <     "result": "0x0"
 <   }
[2021/11/28 10:46:18.886] - eth_getTransactionCount
[2021/11/28 10:46:18.886] -    > {
   >   "jsonrpc": "2.0",
   >   "id": 29,
   >   "method": "eth_getTransactionCount",
   >   "params": [
   >     "0xfb154d4cd86651894199356da675f500d4cd68b6",
   >     "latest"
   >   ],
   >   "internal": true
   > }
[2021/11/28 10:46:18.888] - eth_getBalance
[2021/11/28 10:46:18.888] -    > {
   >   "jsonrpc": "2.0",
   >   "id": 30,
   >   "method": "eth_getBalance",
   >   "params": [
   >     "0x5f64c48848b9f96b50c406ede4a6af72d5154d35",
   >     "latest"
   >   ],
   >   "internal": true
   > }
[2021/11/28 10:46:18.890] -  <   {
 <     "id": 24,
 <     "jsonrpc": "2.0",
 <     "result": "0x56bc75e2d63100000"
 <   }
[2021/11/28 10:46:18.890] - eth_getTransactionCount
[2021/11/28 10:46:18.891] -    > {
   >   "jsonrpc": "2.0",
   >   "id": 31,
   >   "method": "eth_getTransactionCount",
   >   "params": [
   >     "0x5f64c48848b9f96b50c406ede4a6af72d5154d35",
   >     "latest"
   >   ],
   >   "internal": true
   > }
[2021/11/28 10:46:18.892] -  <   {
 <     "id": 25,
 <     "jsonrpc": "2.0",
 <     "result": "0x0"
 <   }
[2021/11/28 10:46:18.895] -  <   {
 <     "id": 26,
 <     "jsonrpc": "2.0",
 <     "result": "0x56bc75e2d63100000"
 <   }
[2021/11/28 10:46:18.897] - eth_getBalance
[2021/11/28 10:46:18.897] -    > {
   >   "jsonrpc": "2.0",
   >   "id": 33,
   >   "method": "eth_getBalance",
   >   "params": [
   >     "0x7bcbd8b641c0d7cfa5e7a508415d2dbdbf2e28dd",
   >     "latest"
   >   ],
   >   "internal": true
   > }
[2021/11/28 10:46:18.898] -  <   {
 <     "id": 27,
 <     "jsonrpc": "2.0",
 <     "result": "0x0"
 <   }
[2021/11/28 10:46:18.900] - eth_getTransactionCount
[2021/11/28 10:46:18.901] -    > {
   >   "jsonrpc": "2.0",
   >   "id": 34,
   >   "method": "eth_getTransactionCount",
   >   "params": [
   >     "0x7bcbd8b641c0d7cfa5e7a508415d2dbdbf2e28dd",
   >     "latest"
   >   ],
   >   "internal": true
   > }
[2021/11/28 10:46:18.902] -  <   {
 <     "id": 28,
 <     "jsonrpc": "2.0",
 <     "result": "0x56bc75e2d63100000"
 <   }
[2021/11/28 10:46:18.903] - eth_getBalance
[2021/11/28 10:46:18.903] -    > {
   >   "jsonrpc": "2.0",
   >   "id": 35,
   >   "method": "eth_getBalance",
   >   "params": [
   >     "0x861dba74ef1a58a870ef1150f4cdafd27b1d7c37",
   >     "latest"
   >   ],
   >   "internal": true
   > }
[2021/11/28 10:46:18.904] -  <   {
 <     "id": 29,
 <     "jsonrpc": "2.0",
 <     "result": "0x0"
 <   }
[2021/11/28 10:46:18.906] - eth_getTransactionCount
[2021/11/28 10:46:18.906] -    > {
   >   "jsonrpc": "2.0",
   >   "id": 36,
   >   "method": "eth_getTransactionCount",
   >   "params": [
   >     "0x861dba74ef1a58a870ef1150f4cdafd27b1d7c37",
   >     "latest"
   >   ],
   >   "internal": true
   > }
[2021/11/28 10:46:18.907] -  <   {
 <     "id": 30,
 <     "jsonrpc": "2.0",
 <     "result": "0x56bc75e2d63100000"
 <   }
[2021/11/28 10:46:18.908] - eth_getBalance
[2021/11/28 10:46:18.909] -    > {
   >   "jsonrpc": "2.0",
   >   "id": 37,
   >   "method": "eth_getBalance",
   >   "params": [
   >     "0xd2ea4869e84f1809075df635e70dc0b4cde52160",
   >     "latest"
   >   ],
   >   "internal": true
   > }
[2021/11/28 10:46:18.910] -  <   {
 <     "id": 31,
 <     "jsonrpc": "2.0",
 <     "result": "0x0"
 <   }
[2021/11/28 10:46:18.911] - eth_getTransactionCount
[2021/11/28 10:46:18.912] -    > {
   >   "jsonrpc": "2.0",
   >   "id": 38,
   >   "method": "eth_getTransactionCount",
   >   "params": [
   >     "0xd2ea4869e84f1809075df635e70dc0b4cde52160",
   >     "latest"
   >   ],
   >   "internal": true
   > }
[2021/11/28 10:46:18.913] -  <   {
 <     "id": 33,
 <     "jsonrpc": "2.0",
 <     "result": "0x56bc75e2d63100000"
 <   }
[2021/11/28 10:46:18.914] - eth_getBalance
[2021/11/28 10:46:18.914] -    > {
   >   "jsonrpc": "2.0",
   >   "id": 39,
   >   "method": "eth_getBalance",
   >   "params": [
   >     "0x95b0e6a340f549dccc18d6b9bdd4a8b89ea66602",
   >     "latest"
   >   ],
   >   "internal": true
   > }
[2021/11/28 10:46:18.915] -  <   {
 <     "id": 34,
 <     "jsonrpc": "2.0",
 <     "result": "0x0"
 <   }
[2021/11/28 10:46:18.916] - eth_getTransactionCount
[2021/11/28 10:46:18.917] -    > {
   >   "jsonrpc": "2.0",
   >   "id": 40,
   >   "method": "eth_getTransactionCount",
   >   "params": [
   >     "0x95b0e6a340f549dccc18d6b9bdd4a8b89ea66602",
   >     "latest"
   >   ],
   >   "internal": true
   > }
[2021/11/28 10:46:18.920] -  <   {
 <     "id": 35,
 <     "jsonrpc": "2.0",
 <     "result": "0x56bc75e2d63100000"
 <   }
[2021/11/28 10:46:18.921] - eth_getBalance
[2021/11/28 10:46:18.922] -    > {
   >   "jsonrpc": "2.0",
   >   "id": 41,
   >   "method": "eth_getBalance",
   >   "params": [
   >     "0xcf65c66876a9c875c4da9d5bb0afc589d653e0ed",
   >     "latest"
   >   ],
   >   "internal": true
   > }
[2021/11/28 10:46:18.922] - eth_getTransactionCount
[2021/11/28 10:46:18.923] -    > {
   >   "jsonrpc": "2.0",
   >   "id": 42,
   >   "method": "eth_getTransactionCount",
   >   "params": [
   >     "0xcf65c66876a9c875c4da9d5bb0afc589d653e0ed",
   >     "latest"
   >   ],
   >   "internal": true
   > }
[2021/11/28 10:46:18.925] -  <   {
 <     "id": 36,
 <     "jsonrpc": "2.0",
 <     "result": "0x0"
 <   }
[2021/11/28 10:46:18.926] - eth_getBalance
[2021/11/28 10:46:18.927] -    > {
   >   "jsonrpc": "2.0",
   >   "id": 43,
   >   "method": "eth_getBalance",
   >   "params": [
   >     "0xece8bb6a6fe955c54ad1ab8e26cfa46b1e731c4e",
   >     "latest"
   >   ],
   >   "internal": true
   > }
[2021/11/28 10:46:18.928] - eth_getTransactionCount
[2021/11/28 10:46:18.928] -    > {
   >   "jsonrpc": "2.0",
   >   "id": 44,
   >   "method": "eth_getTransactionCount",
   >   "params": [
   >     "0xece8bb6a6fe955c54ad1ab8e26cfa46b1e731c4e",
   >     "latest"
   >   ],
   >   "internal": true
   > }
[2021/11/28 10:46:18.930] -  <   {
 <     "id": 37,
 <     "jsonrpc": "2.0",
 <     "result": "0x56bc75e2d63100000"
 <   }
[2021/11/28 10:46:18.930] - eth_getBalance
[2021/11/28 10:46:18.931] -    > {
   >   "jsonrpc": "2.0",
   >   "id": 45,
   >   "method": "eth_getBalance",
   >   "params": [
   >     "0xf81b915d832f05d1e0fed9f975a319efef0bd0de",
   >     "latest"
   >   ],
   >   "internal": true
   > }
[2021/11/28 10:46:18.931] - eth_getTransactionCount
[2021/11/28 10:46:18.932] -    > {
   >   "jsonrpc": "2.0",
   >   "id": 46,
   >   "method": "eth_getTransactionCount",
   >   "params": [
   >     "0xf81b915d832f05d1e0fed9f975a319efef0bd0de",
   >     "latest"
   >   ],
   >   "internal": true
   > }
[2021/11/28 10:46:18.933] -  <   {
 <     "id": 38,
 <     "jsonrpc": "2.0",
 <     "result": "0x0"
 <   }
[2021/11/28 10:46:18.934] - eth_getBalance
[2021/11/28 10:46:18.934] -    > {
   >   "jsonrpc": "2.0",
   >   "id": 47,
   >   "method": "eth_getBalance",
   >   "params": [
   >     "0xca3eeff9fde61a9ba73e17c5655d53d821a7c984",
   >     "latest"
   >   ],
   >   "internal": true
   > }
[2021/11/28 10:46:18.935] -  <   {
 <     "id": 39,
 <     "jsonrpc": "2.0",
 <     "result": "0x56bc75e2d63100000"
 <   }
[2021/11/28 10:46:18.936] - eth_getTransactionCount
[2021/11/28 10:46:18.937] -    > {
   >   "jsonrpc": "2.0",
   >   "id": 48,
   >   "method": "eth_getTransactionCount",
   >   "params": [
   >     "0xca3eeff9fde61a9ba73e17c5655d53d821a7c984",
   >     "latest"
   >   ],
   >   "internal": true
   > }
[2021/11/28 10:46:18.937] - eth_getBalance
[2021/11/28 10:46:18.938] -    > {
   >   "jsonrpc": "2.0",
   >   "id": 49,
   >   "method": "eth_getBalance",
   >   "params": [
   >     "0xfb154d4cd86651894199356da675f500d4cd68b6",
   >     "latest"
   >   ],
   >   "internal": true
   > }
[2021/11/28 10:46:18.939] -  <   {
 <     "id": 40,
 <     "jsonrpc": "2.0",
 <     "result": "0x0"
 <   }
[2021/11/28 10:46:18.939] - eth_getTransactionCount
[2021/11/28 10:46:18.940] -    > {
   >   "jsonrpc": "2.0",
   >   "id": 50,
   >   "method": "eth_getTransactionCount",
   >   "params": [
   >     "0xfb154d4cd86651894199356da675f500d4cd68b6",
   >     "latest"
   >   ],
   >   "internal": true
   > }
[2021/11/28 10:46:18.941] -  <   {
 <     "id": 41,
 <     "jsonrpc": "2.0",
 <     "result": "0x56bc75e2d63100000"
 <   }
[2021/11/28 10:46:18.942] - eth_getBalance
[2021/11/28 10:46:18.942] -    > {
   >   "jsonrpc": "2.0",
   >   "id": 51,
   >   "method": "eth_getBalance",
   >   "params": [
   >     "0x5f64c48848b9f96b50c406ede4a6af72d5154d35",
   >     "latest"
   >   ],
   >   "internal": true
   > }
[2021/11/28 10:46:18.943] -  <   {
 <     "id": 42,
 <     "jsonrpc": "2.0",
 <     "result": "0x0"
 <   }
[2021/11/28 10:46:18.944] - eth_getTransactionCount
[2021/11/28 10:46:18.944] -    > {
   >   "jsonrpc": "2.0",
   >   "id": 52,
   >   "method": "eth_getTransactionCount",
   >   "params": [
   >     "0x5f64c48848b9f96b50c406ede4a6af72d5154d35",
   >     "latest"
   >   ],
   >   "internal": true
   > }
[2021/11/28 10:46:18.945] - eth_getBalance
[2021/11/28 10:46:18.945] -    > {
   >   "jsonrpc": "2.0",
   >   "id": 53,
   >   "method": "eth_getBalance",
   >   "params": [
   >     "0x7bcbd8b641c0d7cfa5e7a508415d2dbdbf2e28dd",
   >     "latest"
   >   ],
   >   "internal": true
   > }
[2021/11/28 10:46:18.946] -  <   {
 <     "id": 43,
 <     "jsonrpc": "2.0",
 <     "result": "0x56bc75e2d63100000"
 <   }
[2021/11/28 10:46:18.947] - eth_getTransactionCount
[2021/11/28 10:46:18.947] -    > {
   >   "jsonrpc": "2.0",
   >   "id": 54,
   >   "method": "eth_getTransactionCount",
   >   "params": [
   >     "0x7bcbd8b641c0d7cfa5e7a508415d2dbdbf2e28dd",
   >     "latest"
   >   ],
   >   "internal": true
   > }
[2021/11/28 10:46:18.948] - eth_getBalance
[2021/11/28 10:46:18.948] -    > {
   >   "jsonrpc": "2.0",
   >   "id": 55,
   >   "method": "eth_getBalance",
   >   "params": [
   >     "0x861dba74ef1a58a870ef1150f4cdafd27b1d7c37",
   >     "latest"
   >   ],
   >   "internal": true
   > }
[2021/11/28 10:46:18.949] -  <   {
 <     "id": 44,
 <     "jsonrpc": "2.0",
 <     "result": "0x0"
 <   }
[2021/11/28 10:46:18.950] - eth_getTransactionCount
[2021/11/28 10:46:18.950] -    > {
   >   "jsonrpc": "2.0",
   >   "id": 56,
   >   "method": "eth_getTransactionCount",
   >   "params": [
   >     "0x861dba74ef1a58a870ef1150f4cdafd27b1d7c37",
   >     "latest"
   >   ],
   >   "internal": true
   > }
[2021/11/28 10:46:18.951] - eth_getBalance
[2021/11/28 10:46:18.951] -    > {
   >   "jsonrpc": "2.0",
   >   "id": 57,
   >   "method": "eth_getBalance",
   >   "params": [
   >     "0xd2ea4869e84f1809075df635e70dc0b4cde52160",
   >     "latest"
   >   ],
   >   "internal": true
   > }
[2021/11/28 10:46:18.953] -  <   {
 <     "id": 45,
 <     "jsonrpc": "2.0",
 <     "result": "0x56bc75e2d63100000"
 <   }
[2021/11/28 10:46:18.953] - eth_getTransactionCount
[2021/11/28 10:46:18.954] -    > {
   >   "jsonrpc": "2.0",
   >   "id": 58,
   >   "method": "eth_getTransactionCount",
   >   "params": [
   >     "0xd2ea4869e84f1809075df635e70dc0b4cde52160",
   >     "latest"
   >   ],
   >   "internal": true
   > }
[2021/11/28 10:46:18.955] -  <   {
 <     "id": 46,
 <     "jsonrpc": "2.0",
 <     "result": "0x0"
 <   }
[2021/11/28 10:46:18.956] - eth_getBalance
[2021/11/28 10:46:18.956] -    > {
   >   "jsonrpc": "2.0",
   >   "id": 59,
   >   "method": "eth_getBalance",
   >   "params": [
   >     "0x95b0e6a340f549dccc18d6b9bdd4a8b89ea66602",
   >     "latest"
   >   ],
   >   "internal": true
   > }
[2021/11/28 10:46:18.958] -  <   {
 <     "id": 47,
 <     "jsonrpc": "2.0",
 <     "result": "0x56bc75e2d63100000"
 <   }
[2021/11/28 10:46:18.958] - eth_getTransactionCount
[2021/11/28 10:46:18.959] -    > {
   >   "jsonrpc": "2.0",
   >   "id": 60,
   >   "method": "eth_getTransactionCount",
   >   "params": [
   >     "0x95b0e6a340f549dccc18d6b9bdd4a8b89ea66602",
   >     "latest"
   >   ],
   >   "internal": true
   > }
[2021/11/28 10:46:18.959] - eth_getBalance
[2021/11/28 10:46:18.960] -    > {
   >   "jsonrpc": "2.0",
   >   "id": 61,
   >   "method": "eth_getBalance",
   >   "params": [
   >     "0xcf65c66876a9c875c4da9d5bb0afc589d653e0ed",
   >     "latest"
   >   ],
   >   "internal": true
   > }
[2021/11/28 10:46:18.961] -  <   {
 <     "id": 48,
 <     "jsonrpc": "2.0",
 <     "result": "0x0"
 <   }
[2021/11/28 10:46:18.961] - eth_getTransactionCount
[2021/11/28 10:46:18.962] -    > {
   >   "jsonrpc": "2.0",
   >   "id": 62,
   >   "method": "eth_getTransactionCount",
   >   "params": [
   >     "0xcf65c66876a9c875c4da9d5bb0afc589d653e0ed",
   >     "latest"
   >   ],
   >   "internal": true
   > }
[2021/11/28 10:46:18.964] -  <   {
 <     "id": 49,
 <     "jsonrpc": "2.0",
 <     "result": "0x56bc75e2d63100000"
 <   }
[2021/11/28 10:46:18.965] - eth_getBalance
[2021/11/28 10:46:18.966] -    > {
   >   "jsonrpc": "2.0",
   >   "id": 63,
   >   "method": "eth_getBalance",
   >   "params": [
   >     "0xece8bb6a6fe955c54ad1ab8e26cfa46b1e731c4e",
   >     "latest"
   >   ],
   >   "internal": true
   > }
[2021/11/28 10:46:18.967] -  <   {
 <     "id": 50,
 <     "jsonrpc": "2.0",
 <     "result": "0x0"
 <   }
[2021/11/28 10:46:18.968] - eth_getTransactionCount
[2021/11/28 10:46:18.969] -    > {
   >   "jsonrpc": "2.0",
   >   "id": 64,
   >   "method": "eth_getTransactionCount",
   >   "params": [
   >     "0xece8bb6a6fe955c54ad1ab8e26cfa46b1e731c4e",
   >     "latest"
   >   ],
   >   "internal": true
   > }
[2021/11/28 10:46:18.971] -  <   {
 <     "id": 51,
 <     "jsonrpc": "2.0",
 <     "result": "0x56bc75e2d63100000"
 <   }
[2021/11/28 10:46:18.972] - eth_getBalance
[2021/11/28 10:46:18.972] -    > {
   >   "jsonrpc": "2.0",
   >   "id": 65,
   >   "method": "eth_getBalance",
   >   "params": [
   >     "0xf81b915d832f05d1e0fed9f975a319efef0bd0de",
   >     "latest"
   >   ],
   >   "internal": true
   > }
[2021/11/28 10:46:18.973] -  <   {
 <     "id": 52,
 <     "jsonrpc": "2.0",
 <     "result": "0x0"
 <   }
[2021/11/28 10:46:18.974] - eth_getTransactionCount
[2021/11/28 10:46:18.974] -    > {
   >   "jsonrpc": "2.0",
   >   "id": 66,
   >   "method": "eth_getTransactionCount",
   >   "params": [
   >     "0xf81b915d832f05d1e0fed9f975a319efef0bd0de",
   >     "latest"
   >   ],
   >   "internal": true
   > }
[2021/11/28 10:46:18.975] -  <   {
 <     "id": 53,
 <     "jsonrpc": "2.0",
 <     "result": "0x56bc75e2d63100000"
 <   }
[2021/11/28 10:46:18.977] -  <   {
 <     "id": 54,
 <     "jsonrpc": "2.0",
 <     "result": "0x0"
 <   }
[2021/11/28 10:46:18.977] - eth_getBalance
[2021/11/28 10:46:18.978] -    > {
   >   "jsonrpc": "2.0",
   >   "id": 67,
   >   "method": "eth_getBalance",
   >   "params": [
   >     "0xca3eeff9fde61a9ba73e17c5655d53d821a7c984",
   >     "latest"
   >   ],
   >   "internal": true
   > }
[2021/11/28 10:46:18.979] - eth_getTransactionCount
[2021/11/28 10:46:18.979] -    > {
   >   "jsonrpc": "2.0",
   >   "id": 68,
   >   "method": "eth_getTransactionCount",
   >   "params": [
   >     "0xca3eeff9fde61a9ba73e17c5655d53d821a7c984",
   >     "latest"
   >   ],
   >   "internal": true
   > }
[2021/11/28 10:46:18.980] -  <   {
 <     "id": 55,
 <     "jsonrpc": "2.0",
 <     "result": "0x56bc75e2d63100000"
 <   }
[2021/11/28 10:46:18.983] -  <   {
 <     "id": 56,
 <     "jsonrpc": "2.0",
 <     "result": "0x0"
 <   }
[2021/11/28 10:46:18.984] - eth_getBalance
[2021/11/28 10:46:18.984] -    > {
   >   "jsonrpc": "2.0",
   >   "id": 69,
   >   "method": "eth_getBalance",
   >   "params": [
   >     "0xfb154d4cd86651894199356da675f500d4cd68b6",
   >     "latest"
   >   ],
   >   "internal": true
   > }
[2021/11/28 10:46:18.987] -  <   {
 <     "id": 57,
 <     "jsonrpc": "2.0",
 <     "result": "0x56bc75e2d63100000"
 <   }
[2021/11/28 10:46:18.988] - eth_getTransactionCount
[2021/11/28 10:46:18.989] -    > {
   >   "jsonrpc": "2.0",
   >   "id": 70,
   >   "method": "eth_getTransactionCount",
   >   "params": [
   >     "0xfb154d4cd86651894199356da675f500d4cd68b6",
   >     "latest"
   >   ],
   >   "internal": true
   > }
[2021/11/28 10:46:18.990] - eth_getBalance
[2021/11/28 10:46:18.990] -    > {
   >   "jsonrpc": "2.0",
   >   "id": 71,
   >   "method": "eth_getBalance",
   >   "params": [
   >     "0x5f64c48848b9f96b50c406ede4a6af72d5154d35",
   >     "latest"
   >   ],
   >   "internal": true
   > }
[2021/11/28 10:46:18.992] -  <   {
 <     "id": 58,
 <     "jsonrpc": "2.0",
 <     "result": "0x0"
 <   }
[2021/11/28 10:46:18.994] -  <   {
 <     "id": 59,
 <     "jsonrpc": "2.0",
 <     "result": "0x56bc75e2d63100000"
 <   }
[2021/11/28 10:46:18.995] - eth_getTransactionCount
[2021/11/28 10:46:18.995] -    > {
   >   "jsonrpc": "2.0",
   >   "id": 72,
   >   "method": "eth_getTransactionCount",
   >   "params": [
   >     "0x5f64c48848b9f96b50c406ede4a6af72d5154d35",
   >     "latest"
   >   ],
   >   "internal": true
   > }
[2021/11/28 10:46:18.997] -  <   {
 <     "id": 60,
 <     "jsonrpc": "2.0",
 <     "result": "0x0"
 <   }
[2021/11/28 10:46:18.999] -  <   {
 <     "id": 61,
 <     "jsonrpc": "2.0",
 <     "result": "0x56bc75e2d63100000"
 <   }
[2021/11/28 10:46:19.003] -  <   {
 <     "id": 62,
 <     "jsonrpc": "2.0",
 <     "result": "0x0"
 <   }
[2021/11/28 10:46:19.006] -  <   {
 <     "id": 63,
 <     "jsonrpc": "2.0",
 <     "result": "0x56bc75e2d63100000"
 <   }
[2021/11/28 10:46:19.009] -  <   {
 <     "id": 64,
 <     "jsonrpc": "2.0",
 <     "result": "0x0"
 <   }
[2021/11/28 10:46:19.012] -  <   {
 <     "id": 65,
 <     "jsonrpc": "2.0",
 <     "result": "0x56bc75e2d63100000"
 <   }
[2021/11/28 10:46:19.015] -  <   {
 <     "id": 66,
 <     "jsonrpc": "2.0",
 <     "result": "0x0"
 <   }
[2021/11/28 10:46:19.019] -  <   {
 <     "id": 67,
 <     "jsonrpc": "2.0",
 <     "result": "0x56bc75e2d63100000"
 <   }
[2021/11/28 10:46:19.022] -  <   {
 <     "id": 68,
 <     "jsonrpc": "2.0",
 <     "result": "0x0"
 <   }
[2021/11/28 10:46:19.025] -  <   {
 <     "id": 69,
 <     "jsonrpc": "2.0",
 <     "result": "0x56bc75e2d63100000"
 <   }
[2021/11/28 10:46:19.027] - eth_getBalance
[2021/11/28 10:46:19.027] -    > {
   >   "jsonrpc": "2.0",
   >   "id": 73,
   >   "method": "eth_getBalance",
   >   "params": [
   >     "0x7bcbd8b641c0d7cfa5e7a508415d2dbdbf2e28dd",
   >     "latest"
   >   ],
   >   "internal": true
   > }
[2021/11/28 10:46:19.028] -  <   {
 <     "id": 70,
 <     "jsonrpc": "2.0",
 <     "result": "0x0"
 <   }
[2021/11/28 10:46:19.031] -  <   {
 <     "id": 71,
 <     "jsonrpc": "2.0",
 <     "result": "0x56bc75e2d63100000"
 <   }
[2021/11/28 10:46:19.031] - eth_getTransactionCount
[2021/11/28 10:46:19.032] -    > {
   >   "jsonrpc": "2.0",
   >   "id": 74,
   >   "method": "eth_getTransactionCount",
   >   "params": [
   >     "0x7bcbd8b641c0d7cfa5e7a508415d2dbdbf2e28dd",
   >     "latest"
   >   ],
   >   "internal": true
   > }
[2021/11/28 10:46:19.032] - eth_getBalance
[2021/11/28 10:46:19.033] -    > {
   >   "jsonrpc": "2.0",
   >   "id": 75,
   >   "method": "eth_getBalance",
   >   "params": [
   >     "0x861dba74ef1a58a870ef1150f4cdafd27b1d7c37",
   >     "latest"
   >   ],
   >   "internal": true
   > }
[2021/11/28 10:46:19.034] -  <   {
 <     "id": 72,
 <     "jsonrpc": "2.0",
 <     "result": "0x0"
 <   }
[2021/11/28 10:46:19.035] - eth_getTransactionCount
[2021/11/28 10:46:19.035] -    > {
   >   "jsonrpc": "2.0",
   >   "id": 76,
   >   "method": "eth_getTransactionCount",
   >   "params": [
   >     "0x861dba74ef1a58a870ef1150f4cdafd27b1d7c37",
   >     "latest"
   >   ],
   >   "internal": true
   > }
[2021/11/28 10:46:19.037] -  <   {
 <     "id": 73,
 <     "jsonrpc": "2.0",
 <     "result": "0x56bc75e2d63100000"
 <   }
[2021/11/28 10:46:19.038] - eth_getBalance
[2021/11/28 10:46:19.038] -    > {
   >   "jsonrpc": "2.0",
   >   "id": 77,
   >   "method": "eth_getBalance",
   >   "params": [
   >     "0xd2ea4869e84f1809075df635e70dc0b4cde52160",
   >     "latest"
   >   ],
   >   "internal": true
   > }
[2021/11/28 10:46:19.040] -  <   {
 <     "id": 74,
 <     "jsonrpc": "2.0",
 <     "result": "0x0"
 <   }
[2021/11/28 10:46:19.041] - eth_getTransactionCount
[2021/11/28 10:46:19.041] -    > {
   >   "jsonrpc": "2.0",
   >   "id": 78,
   >   "method": "eth_getTransactionCount",
   >   "params": [
   >     "0xd2ea4869e84f1809075df635e70dc0b4cde52160",
   >     "latest"
   >   ],
   >   "internal": true
   > }
[2021/11/28 10:46:19.042] -  <   {
 <     "id": 75,
 <     "jsonrpc": "2.0",
 <     "result": "0x56bc75e2d63100000"
 <   }
[2021/11/28 10:46:19.043] - eth_getBalance
[2021/11/28 10:46:19.044] -    > {
   >   "jsonrpc": "2.0",
   >   "id": 79,
   >   "method": "eth_getBalance",
   >   "params": [
   >     "0x95b0e6a340f549dccc18d6b9bdd4a8b89ea66602",
   >     "latest"
   >   ],
   >   "internal": true
   > }
[2021/11/28 10:46:19.045] -  <   {
 <     "id": 76,
 <     "jsonrpc": "2.0",
 <     "result": "0x0"
 <   }
[2021/11/28 10:46:19.046] - eth_getTransactionCount
[2021/11/28 10:46:19.046] -    > {
   >   "jsonrpc": "2.0",
   >   "id": 80,
   >   "method": "eth_getTransactionCount",
   >   "params": [
   >     "0x95b0e6a340f549dccc18d6b9bdd4a8b89ea66602",
   >     "latest"
   >   ],
   >   "internal": true
   > }
[2021/11/28 10:46:19.047] -  <   {
 <     "id": 77,
 <     "jsonrpc": "2.0",
 <     "result": "0x56bc75e2d63100000"
 <   }
[2021/11/28 10:46:19.048] - eth_getBalance
[2021/11/28 10:46:19.048] -    > {
   >   "jsonrpc": "2.0",
   >   "id": 81,
   >   "method": "eth_getBalance",
   >   "params": [
   >     "0xcf65c66876a9c875c4da9d5bb0afc589d653e0ed",
   >     "latest"
   >   ],
   >   "internal": true
   > }
[2021/11/28 10:46:19.049] - eth_getTransactionCount
[2021/11/28 10:46:19.049] -    > {
   >   "jsonrpc": "2.0",
   >   "id": 82,
   >   "method": "eth_getTransactionCount",
   >   "params": [
   >     "0xcf65c66876a9c875c4da9d5bb0afc589d653e0ed",
   >     "latest"
   >   ],
   >   "internal": true
   > }
[2021/11/28 10:46:19.051] -  <   {
 <     "id": 78,
 <     "jsonrpc": "2.0",
 <     "result": "0x0"
 <   }
[2021/11/28 10:46:19.052] - eth_getBalance
[2021/11/28 10:46:19.052] -    > {
   >   "jsonrpc": "2.0",
   >   "id": 83,
   >   "method": "eth_getBalance",
   >   "params": [
   >     "0xece8bb6a6fe955c54ad1ab8e26cfa46b1e731c4e",
   >     "latest"
   >   ],
   >   "internal": true
   > }
[2021/11/28 10:46:19.053] - eth_getTransactionCount
[2021/11/28 10:46:19.053] -    > {
   >   "jsonrpc": "2.0",
   >   "id": 84,
   >   "method": "eth_getTransactionCount",
   >   "params": [
   >     "0xece8bb6a6fe955c54ad1ab8e26cfa46b1e731c4e",
   >     "latest"
   >   ],
   >   "internal": true
   > }
[2021/11/28 10:46:19.056] -  <   {
 <     "id": 79,
 <     "jsonrpc": "2.0",
 <     "result": "0x56bc75e2d63100000"
 <   }
[2021/11/28 10:46:19.063] -  <   {
 <     "id": 80,
 <     "jsonrpc": "2.0",
 <     "result": "0x0"
 <   }
[2021/11/28 10:46:19.064] - eth_getBalance
[2021/11/28 10:46:19.064] -    > {
   >   "jsonrpc": "2.0",
   >   "id": 85,
   >   "method": "eth_getBalance",
   >   "params": [
   >     "0xf81b915d832f05d1e0fed9f975a319efef0bd0de",
   >     "latest"
   >   ],
   >   "internal": true
   > }
[2021/11/28 10:46:19.065] - eth_getTransactionCount
[2021/11/28 10:46:19.065] -    > {
   >   "jsonrpc": "2.0",
   >   "id": 86,
   >   "method": "eth_getTransactionCount",
   >   "params": [
   >     "0xf81b915d832f05d1e0fed9f975a319efef0bd0de",
   >     "latest"
   >   ],
   >   "internal": true
   > }
[2021/11/28 10:46:19.067] -  <   {
 <     "id": 81,
 <     "jsonrpc": "2.0",
 <     "result": "0x56bc75e2d63100000"
 <   }
[2021/11/28 10:46:19.068] - eth_getBalance
[2021/11/28 10:46:19.068] -    > {
   >   "jsonrpc": "2.0",
   >   "id": 87,
   >   "method": "eth_getBalance",
   >   "params": [
   >     "0xca3eeff9fde61a9ba73e17c5655d53d821a7c984",
   >     "latest"
   >   ],
   >   "internal": true
   > }
[2021/11/28 10:46:19.069] - eth_getTransactionCount
[2021/11/28 10:46:19.069] -    > {
   >   "jsonrpc": "2.0",
   >   "id": 88,
   >   "method": "eth_getTransactionCount",
   >   "params": [
   >     "0xca3eeff9fde61a9ba73e17c5655d53d821a7c984",
   >     "latest"
   >   ],
   >   "internal": true
   > }
[2021/11/28 10:46:19.070] - eth_getBalance
[2021/11/28 10:46:19.070] -    > {
   >   "jsonrpc": "2.0",
   >   "id": 89,
   >   "method": "eth_getBalance",
   >   "params": [
   >     "0xfb154d4cd86651894199356da675f500d4cd68b6",
   >     "latest"
   >   ],
   >   "internal": true
   > }
[2021/11/28 10:46:19.071] -  <   {
 <     "id": 82,
 <     "jsonrpc": "2.0",
 <     "result": "0x0"
 <   }
[2021/11/28 10:46:19.072] - eth_getTransactionCount
[2021/11/28 10:46:19.073] -    > {
   >   "jsonrpc": "2.0",
   >   "id": 90,
   >   "method": "eth_getTransactionCount",
   >   "params": [
   >     "0xfb154d4cd86651894199356da675f500d4cd68b6",
   >     "latest"
   >   ],
   >   "internal": true
   > }
[2021/11/28 10:46:19.073] - eth_getBalance
[2021/11/28 10:46:19.074] -    > {
   >   "jsonrpc": "2.0",
   >   "id": 91,
   >   "method": "eth_getBalance",
   >   "params": [
   >     "0x5f64c48848b9f96b50c406ede4a6af72d5154d35",
   >     "latest"
   >   ],
   >   "internal": true
   > }
[2021/11/28 10:46:19.074] - eth_getTransactionCount
[2021/11/28 10:46:19.075] -    > {
   >   "jsonrpc": "2.0",
   >   "id": 92,
   >   "method": "eth_getTransactionCount",
   >   "params": [
   >     "0x5f64c48848b9f96b50c406ede4a6af72d5154d35",
   >     "latest"
   >   ],
   >   "internal": true
   > }
[2021/11/28 10:46:19.076] -  <   {
 <     "id": 83,
 <     "jsonrpc": "2.0",
 <     "result": "0x56bc75e2d63100000"
 <   }
[2021/11/28 10:46:19.079] -  <   {
 <     "id": 84,
 <     "jsonrpc": "2.0",
 <     "result": "0x0"
 <   }
[2021/11/28 10:46:19.083] -  <   {
 <     "id": 85,
 <     "jsonrpc": "2.0",
 <     "result": "0x56bc75e2d63100000"
 <   }
[2021/11/28 10:46:19.087] -  <   {
 <     "id": 86,
 <     "jsonrpc": "2.0",
 <     "result": "0x0"
 <   }
[2021/11/28 10:46:19.090] -  <   {
 <     "id": 87,
 <     "jsonrpc": "2.0",
 <     "result": "0x56bc75e2d63100000"
 <   }
[2021/11/28 10:46:19.093] -  <   {
 <     "id": 88,
 <     "jsonrpc": "2.0",
 <     "result": "0x0"
 <   }
[2021/11/28 10:46:19.096] -  <   {
 <     "id": 89,
 <     "jsonrpc": "2.0",
 <     "result": "0x56bc75e2d63100000"
 <   }
[2021/11/28 10:46:19.100] -  <   {
 <     "id": 90,
 <     "jsonrpc": "2.0",
 <     "result": "0x0"
 <   }
[2021/11/28 10:46:19.106] -  <   {
 <     "id": 91,
 <     "jsonrpc": "2.0",
 <     "result": "0x56bc75e2d63100000"
 <   }
[2021/11/28 10:46:19.120] -  <   {
 <     "id": 92,
 <     "jsonrpc": "2.0",
 <     "result": "0x0"
 <   }
[2021/11/28 10:46:45.208] - eth_blockNumber
[2021/11/28 10:46:45.209] -    > {
   >   "jsonrpc": "2.0",
   >   "id": 1,
   >   "method": "eth_blockNumber",
   >   "params": []
   > }
[2021/11/28 10:46:45.212] -  <   {
 <     "id": 1,
 <     "jsonrpc": "2.0",
 <     "result": "0x0"
 <   }
[2021/11/28 10:46:45.221] - net_version
[2021/11/28 10:46:45.222] -    > {
   >   "jsonrpc": "2.0",
   >   "id": 2,
   >   "method": "net_version",
   >   "params": []
   > }
[2021/11/28 10:46:45.224] -  <   {
 <     "id": 2,
 <     "jsonrpc": "2.0",
 <     "result": "5777"
 <   }
[2021/11/28 10:46:45.228] - eth_accounts
[2021/11/28 10:46:45.228] -    > {
   >   "jsonrpc": "2.0",
   >   "id": 3,
   >   "method": "eth_accounts",
   >   "params": []
   > }
[2021/11/28 10:46:45.229] -  <   {
 <     "id": 3,
 <     "jsonrpc": "2.0",
 <     "result": [
 <       "0x7bcbd8b641c0d7cfa5e7a508415d2dbdbf2e28dd",
 <       "0x861dba74ef1a58a870ef1150f4cdafd27b1d7c37",
 <       "0xd2ea4869e84f1809075df635e70dc0b4cde52160",
 <       "0x95b0e6a340f549dccc18d6b9bdd4a8b89ea66602",
 <       "0xcf65c66876a9c875c4da9d5bb0afc589d653e0ed",
 <       "0xece8bb6a6fe955c54ad1ab8e26cfa46b1e731c4e",
 <       "0xf81b915d832f05d1e0fed9f975a319efef0bd0de",
 <       "0xca3eeff9fde61a9ba73e17c5655d53d821a7c984",
 <       "0xfb154d4cd86651894199356da675f500d4cd68b6",
 <       "0x5f64c48848b9f96b50c406ede4a6af72d5154d35"
 <     ]
 <   }
[2021/11/28 10:47:30.491] - eth_unsubscribe
[2021/11/28 10:47:30.492] -    > {
   >   "jsonrpc": "2.0",
   >   "id": 7,
   >   "method": "eth_unsubscribe",
   >   "params": [
   >     "0x3"
   >   ]
   > }
[2021/11/28 10:47:30.493] - eth_unsubscribe
[2021/11/28 10:47:30.493] -    > {
   >   "jsonrpc": "2.0",
   >   "id": 8,
   >   "method": "eth_unsubscribe",
   >   "params": [
   >     "0x4"
   >   ]
   > }
[2021/11/28 10:47:30.496] -  <   {
 <     "id": 7,
 <     "jsonrpc": "2.0",
 <     "result": true
 <   }
[2021/11/28 10:47:30.502] -    > {
   >   "jsonrpc": "2.0",
   >   "method": "eth_unsubscribe",
   >   "params": [
   >     "0x5"
   >   ],
   >   "id": 1638125250502
   > }
[2021/11/28 10:47:30.503] -    > {
   >   "jsonrpc": "2.0",
   >   "method": "eth_unsubscribe",
   >   "params": [
   >     "0x4"
   >   ],
   >   "id": 1638125250503
   > }
[2021/11/28 10:47:30.504] -    > {
   >   "jsonrpc": "2.0",
   >   "method": "eth_unsubscribe",
   >   "params": [
   >     "0x6"
   >   ],
   >   "id": 1638125250504
   > }
[2021/11/28 10:47:30.505] -    > {
   >   "jsonrpc": "2.0",
   >   "method": "eth_unsubscribe",
   >   "params": [
   >     "0x1"
   >   ],
   >   "id": 1638125250505
   > }
[2021/11/28 10:47:30.506] -    > {
   >   "jsonrpc": "2.0",
   >   "method": "eth_unsubscribe",
   >   "params": [
   >     "0x2"
   >   ],
   >   "id": 1638125250506
   > }
[2021/11/28 10:47:30.507] -  <   {
 <     "id": 8,
 <     "jsonrpc": "2.0",
 <     "result": true
 <   }
[2021/11/28 10:47:30.510] -  <   {
 <     "id": 1638125250502,
 <     "jsonrpc": "2.0",
 <     "result": true
 <   }
[2021/11/28 10:47:30.518] -  <   {
 <     "id": 1638125250503,
 <     "jsonrpc": "2.0",
 <     "error": {
 <       "message": "Subscription ID 0x4 not found.",
 <       "code": -32000,
 <       "data": {
 <         "stack": "Error: Subscription ID 0x4 not found.\n    at SubscriptionSubprovider.eth_unsubscribe (C:\\Program Files\\WindowsApps\\GanacheUI_2.5.4.0_x64__5dg5pnz03psnj\\app\\resources\\static\\node\\node_modules\\ganache-core\\node_modules\\web3-provider-engine\\subproviders\\subscriptions.js:78:8)\n    at SubscriptionSubprovider.handleRequest (C:\\Program Files\\WindowsApps\\GanacheUI_2.5.4.0_x64__5dg5pnz03psnj\\app\\resources\\static\\node\\node_modules\\ganache-core\\node_modules\\web3-provider-engine\\subproviders\\subscriptions.js:134:12)\n    at next (C:\\Program Files\\WindowsApps\\GanacheUI_2.5.4.0_x64__5dg5pnz03psnj\\app\\resources\\static\\node\\node_modules\\ganache-core\\node_modules\\web3-provider-engine\\index.js:136:18)\n    at DelayedBlockFilter.handleRequest (C:\\Program Files\\WindowsApps\\GanacheUI_2.5.4.0_x64__5dg5pnz03psnj\\app\\resources\\static\\node\\node_modules\\ganache-core\\lib\\subproviders\\delayedblockfilter.js:31:3)\n    at next (C:\\Program Files\\WindowsApps\\GanacheUI_2.5.4.0_x64__5dg5pnz03psnj\\app\\resources\\static\\node\\node_modules\\ganache-core\\node_modules\\web3-provider-engine\\index.js:136:18)\n    at RequestFunnel.handleRequest (C:\\Program Files\\WindowsApps\\GanacheUI_2.5.4.0_x64__5dg5pnz03psnj\\app\\resources\\static\\node\\node_modules\\ganache-core\\lib\\subproviders\\requestfunnel.js:32:12)\n    at next (C:\\Program Files\\WindowsApps\\GanacheUI_2.5.4.0_x64__5dg5pnz03psnj\\app\\resources\\static\\node\\node_modules\\ganache-core\\node_modules\\web3-provider-engine\\index.js:136:18)\n    at Web3ProviderEngine._handleAsync (C:\\Program Files\\WindowsApps\\GanacheUI_2.5.4.0_x64__5dg5pnz03psnj\\app\\resources\\static\\node\\node_modules\\ganache-core\\node_modules\\web3-provider-engine\\index.js:123:3)\n    at Timeout._onTimeout (C:\\Program Files\\WindowsApps\\GanacheUI_2.5.4.0_x64__5dg5pnz03psnj\\app\\resources\\static\\node\\node_modules\\ganache-core\\node_modules\\web3-provider-engine\\index.js:107:12)\n    at listOnTimeout (internal/timers.js:531:17)\n    at processTimers (internal/timers.js:475:7)",
 <         "name": "Error"
 <       }
 <     }
 <   }
[2021/11/28 10:47:30.520] -  <   {
 <     "id": 1638125250504,
 <     "jsonrpc": "2.0",
 <     "result": true
 <   }
[2021/11/28 10:47:30.520] -  <   {
 <     "id": 1638125250505,
 <     "jsonrpc": "2.0",
 <     "result": true
 <   }
[2021/11/28 10:47:30.523] -  <   {
 <     "id": 1638125250506,
 <     "jsonrpc": "2.0",
 <     "result": true
 <   }
