[2021/10/01 13:32:29.629] - Starting server with initial configuration: {"gasLimit":6721975,"gasPrice":20000000000,"hardfork":"byzantium","hostname":"127.0.0.1","port":7545,"network_id":5777,"default_balance_ether":100,"total_accounts":10,"unlocked_accounts":[],"locked":false,"vmErrorsOnRPCResponse":true,"verbose":true,"db_path":"C:\\Users\\12536\\AppData\\Roaming\\Ganache\\workspaces\\healthy-sink\\chaindata","logDirectory":"C:\\Users\\12536\\Documents\\Capstone\\ethereum"}
[2021/10/01 13:32:29.788] - eth_subscribe
[2021/10/01 13:32:29.789] -    > {
   >   "jsonrpc": "2.0",
   >   "id": 33,
   >   "method": "eth_subscribe",
   >   "params": [
   >     "newHeads"
   >   ]
   > }
[2021/10/01 13:32:29.790] - eth_getLogs
[2021/10/01 13:32:29.791] -    > {
   >   "jsonrpc": "2.0",
   >   "id": 34,
   >   "method": "eth_getLogs",
   >   "params": [
   >     {
   >       "topics": []
   >     }
   >   ]
   > }
[2021/10/01 13:32:29.792] - eth_subscribe
[2021/10/01 13:32:29.793] -    > {
   >   "jsonrpc": "2.0",
   >   "id": 35,
   >   "method": "eth_subscribe",
   >   "params": [
   >     "logs",
   >     {
   >       "topics": []
   >     }
   >   ]
   > }
[2021/10/01 13:32:29.794] -  <   {
 <     "id": 33,
 <     "jsonrpc": "2.0",
 <     "result": "0x1"
 <   }
[2021/10/01 13:32:29.797] -  <   {
 <     "id": 34,
 <     "jsonrpc": "2.0",
 <     "result": []
 <   }
[2021/10/01 13:32:29.799] - eth_subscribe
[2021/10/01 13:32:29.799] -    > {
   >   "jsonrpc": "2.0",
   >   "id": 36,
   >   "method": "eth_subscribe",
   >   "params": [
   >     "newHeads"
   >   ]
   > }
[2021/10/01 13:32:29.800] -  <   {
 <     "id": 35,
 <     "jsonrpc": "2.0",
 <     "result": "0x2"
 <   }
[2021/10/01 13:32:29.801] - eth_getLogs
[2021/10/01 13:32:29.802] -    > {
   >   "jsonrpc": "2.0",
   >   "id": 37,
   >   "method": "eth_getLogs",
   >   "params": [
   >     {
   >       "topics": []
   >     }
   >   ]
   > }
[2021/10/01 13:32:29.803] - eth_subscribe
[2021/10/01 13:32:29.804] -    > {
   >   "jsonrpc": "2.0",
   >   "id": 38,
   >   "method": "eth_subscribe",
   >   "params": [
   >     "logs",
   >     {
   >       "topics": []
   >     }
   >   ]
   > }
[2021/10/01 13:32:29.805] -  <   {
 <     "id": 36,
 <     "jsonrpc": "2.0",
 <     "result": "0x3"
 <   }
[2021/10/01 13:32:29.808] -  <   {
 <     "id": 37,
 <     "jsonrpc": "2.0",
 <     "result": []
 <   }
[2021/10/01 13:32:29.812] -  <   {
 <     "id": 38,
 <     "jsonrpc": "2.0",
 <     "result": "0x4"
 <   }
[2021/10/01 13:32:29.839] - eth_accounts
[2021/10/01 13:32:29.840] -    > {
   >   "jsonrpc": "2.0",
   >   "id": 372,
   >   "method": "eth_accounts",
   >   "params": [],
   >   "internal": true
   > }
[2021/10/01 13:32:29.841] - eth_gasPrice
[2021/10/01 13:32:29.842] -    > {
   >   "jsonrpc": "2.0",
   >   "id": 373,
   >   "method": "eth_gasPrice",
   >   "params": [],
   >   "internal": true
   > }
[2021/10/01 13:32:29.842] - eth_getBlockByNumber
[2021/10/01 13:32:29.843] -    > {
   >   "jsonrpc": "2.0",
   >   "id": 374,
   >   "method": "eth_getBlockByNumber",
   >   "params": [
   >     "latest",
   >     false
   >   ],
   >   "internal": true
   > }
[2021/10/01 13:32:29.844] -  <   {
 <     "id": 372,
 <     "jsonrpc": "2.0",
 <     "result": [
 <       "0x7bcbd8b641c0d7cfa5e7a508415d2dbdbf2e28dd",
 <       "0x861dba74ef1a58a870ef1150f4cdafd27b1d7c37",
 <       "0xd2ea4869e84f1809075df635e70dc0b4cde52160",
 <       "0x95b0e6a340f549dccc18d6b9bdd4a8b89ea66602",
 <       "0xcf65c66876a9c875c4da9d5bb0afc589d653e0ed",
 <       "0xece8bb6a6fe955c54ad1ab8e26cfa46b1e731c4e",
 <       "0xf81b915d832f05d1e0fed9f975a319efef0bd0de",
 <       "0xca3eeff9fde61a9ba73e17c5655d53d821a7c984",
 <       "0xfb154d4cd86651894199356da675f500d4cd68b6",
 <       "0x5f64c48848b9f96b50c406ede4a6af72d5154d35"
 <     ]
 <   }
[2021/10/01 13:32:29.845] - eth_subscribe
[2021/10/01 13:32:29.846] -    > {
   >   "jsonrpc": "2.0",
   >   "id": 375,
   >   "method": "eth_subscribe",
   >   "params": [
   >     "newHeads"
   >   ],
   >   "internal": true
   > }
[2021/10/01 13:32:29.847] -  <   {
 <     "id": 373,
 <     "jsonrpc": "2.0",
 <     "result": "0x4a817c800"
 <   }
[2021/10/01 13:32:29.847] - eth_blockNumber
[2021/10/01 13:32:29.848] -    > {
   >   "jsonrpc": "2.0",
   >   "id": 376,
   >   "method": "eth_blockNumber",
   >   "params": [],
   >   "internal": true
   > }
[2021/10/01 13:32:29.848] - eth_accounts
[2021/10/01 13:32:29.849] -    > {
   >   "jsonrpc": "2.0",
   >   "id": 377,
   >   "method": "eth_accounts",
   >   "params": [],
   >   "internal": true
   > }
[2021/10/01 13:32:29.850] -  <   {
 <     "id": 374,
 <     "jsonrpc": "2.0",
 <     "result": {
 <       "number": "0x0",
 <       "hash": "0xe6a3901bc620cdd0677596f18e53c3ef57aa5434b73ab5259366c4cd89779108",
 <       "parentHash": "0x0000000000000000000000000000000000000000000000000000000000000000",
 <       "mixHash": "0x0000000000000000000000000000000000000000000000000000000000000000",
 <       "nonce": "0x0000000000000000",
 <       "sha3Uncles": "0x1dcc4de8dec75d7aab85b567b6ccd41ad312451b948a7413f0a142fd40d49347",
 <       "logsBloom": "0x00000000000000000000000000000000000000000000000000000000000000000000000000000000000000000000000000000000000000000000000000000000000000000000000000000000000000000000000000000000000000000000000000000000000000000000000000000000000000000000000000000000000000000000000000000000000000000000000000000000000000000000000000000000000000000000000000000000000000000000000000000000000000000000000000000000000000000000000000000000000000000000000000000000000000000000000000000000000000000000000000000000000000000000000000000000",
 <       "transactionsRoot": "0x56e81f171bcc55a6ff8345e692c0f86e5b48e01b996cadc001622fb5e363b421",
 <       "stateRoot": "0xfde296a0bb0e312d42f136b0bfc0e195960c71da7ece8f8a8a538f47a105a6a0",
 <       "receiptsRoot": "0x56e81f171bcc55a6ff8345e692c0f86e5b48e01b996cadc001622fb5e363b421",
 <       "miner": "0x0000000000000000000000000000000000000000",
 <       "difficulty": "0x0",
 <       "totalDifficulty": "0x0",
 <       "extraData": "0x",
 <       "size": "0x3e8",
 <       "gasLimit": "0x6691b7",
 <       "gasUsed": "0x0",
 <       "timestamp": "0x6157705d",
 <       "transactions": [],
 <       "uncles": []
 <     }
 <   }
[2021/10/01 13:32:29.851] - eth_gasPrice
[2021/10/01 13:32:29.851] -    > {
   >   "jsonrpc": "2.0",
   >   "id": 378,
   >   "method": "eth_gasPrice",
   >   "params": [],
   >   "internal": true
   > }
[2021/10/01 13:32:29.854] -  <   {
 <     "id": 375,
 <     "jsonrpc": "2.0",
 <     "result": "0x5"
 <   }
[2021/10/01 13:32:29.858] -  <   {
 <     "id": 376,
 <     "jsonrpc": "2.0",
 <     "result": "0x0"
 <   }
[2021/10/01 13:32:29.867] -  <   {
 <     "id": 377,
 <     "jsonrpc": "2.0",
 <     "result": [
 <       "0x7bcbd8b641c0d7cfa5e7a508415d2dbdbf2e28dd",
 <       "0x861dba74ef1a58a870ef1150f4cdafd27b1d7c37",
 <       "0xd2ea4869e84f1809075df635e70dc0b4cde52160",
 <       "0x95b0e6a340f549dccc18d6b9bdd4a8b89ea66602",
 <       "0xcf65c66876a9c875c4da9d5bb0afc589d653e0ed",
 <       "0xece8bb6a6fe955c54ad1ab8e26cfa46b1e731c4e",
 <       "0xf81b915d832f05d1e0fed9f975a319efef0bd0de",
 <       "0xca3eeff9fde61a9ba73e17c5655d53d821a7c984",
 <       "0xfb154d4cd86651894199356da675f500d4cd68b6",
 <       "0x5f64c48848b9f96b50c406ede4a6af72d5154d35"
 <     ]
 <   }
[2021/10/01 13:32:29.868] - eth_getBalance
[2021/10/01 13:32:29.869] -    > {
   >   "jsonrpc": "2.0",
   >   "id": 381,
   >   "method": "eth_getBalance",
   >   "params": [
   >     "0x7bcbd8b641c0d7cfa5e7a508415d2dbdbf2e28dd",
   >     "latest"
   >   ],
   >   "internal": true
   > }
[2021/10/01 13:32:29.870] - eth_getTransactionCount
[2021/10/01 13:32:29.870] -    > {
   >   "jsonrpc": "2.0",
   >   "id": 382,
   >   "method": "eth_getTransactionCount",
   >   "params": [
   >     "0x7bcbd8b641c0d7cfa5e7a508415d2dbdbf2e28dd",
   >     "latest"
   >   ],
   >   "internal": true
   > }
[2021/10/01 13:32:29.871] -  <   {
 <     "id": 378,
 <     "jsonrpc": "2.0",
 <     "result": "0x4a817c800"
 <   }
[2021/10/01 13:32:29.874] -  <   {
 <     "id": 381,
 <     "jsonrpc": "2.0",
 <     "result": "0x56bc75e2d63100000"
 <   }
[2021/10/01 13:32:29.875] - eth_getBalance
[2021/10/01 13:32:29.875] -    > {
   >   "jsonrpc": "2.0",
   >   "id": 383,
   >   "method": "eth_getBalance",
   >   "params": [
   >     "0x861dba74ef1a58a870ef1150f4cdafd27b1d7c37",
   >     "latest"
   >   ],
   >   "internal": true
   > }
[2021/10/01 13:32:29.876] - eth_getTransactionCount
[2021/10/01 13:32:29.876] -    > {
   >   "jsonrpc": "2.0",
   >   "id": 384,
   >   "method": "eth_getTransactionCount",
   >   "params": [
   >     "0x861dba74ef1a58a870ef1150f4cdafd27b1d7c37",
   >     "latest"
   >   ],
   >   "internal": true
   > }
[2021/10/01 13:32:29.877] -  <   {
 <     "id": 382,
 <     "jsonrpc": "2.0",
 <     "result": "0x0"
 <   }
[2021/10/01 13:32:29.879] -  <   {
 <     "id": 383,
 <     "jsonrpc": "2.0",
 <     "result": "0x56bc75e2d63100000"
 <   }
[2021/10/01 13:32:29.880] - eth_getBalance
[2021/10/01 13:32:29.881] -    > {
   >   "jsonrpc": "2.0",
   >   "id": 385,
   >   "method": "eth_getBalance",
   >   "params": [
   >     "0xd2ea4869e84f1809075df635e70dc0b4cde52160",
   >     "latest"
   >   ],
   >   "internal": true
   > }
[2021/10/01 13:32:29.883] -  <   {
 <     "id": 384,
 <     "jsonrpc": "2.0",
 <     "result": "0x0"
 <   }
[2021/10/01 13:32:29.883] - eth_getTransactionCount
[2021/10/01 13:32:29.884] -    > {
   >   "jsonrpc": "2.0",
   >   "id": 386,
   >   "method": "eth_getTransactionCount",
   >   "params": [
   >     "0xd2ea4869e84f1809075df635e70dc0b4cde52160",
   >     "latest"
   >   ],
   >   "internal": true
   > }
[2021/10/01 13:32:29.885] - eth_getBalance
[2021/10/01 13:32:29.885] -    > {
   >   "jsonrpc": "2.0",
   >   "id": 387,
   >   "method": "eth_getBalance",
   >   "params": [
   >     "0x95b0e6a340f549dccc18d6b9bdd4a8b89ea66602",
   >     "latest"
   >   ],
   >   "internal": true
   > }
[2021/10/01 13:32:29.886] -  <   {
 <     "id": 385,
 <     "jsonrpc": "2.0",
 <     "result": "0x56bc75e2d63100000"
 <   }
[2021/10/01 13:32:29.887] - eth_getTransactionCount
[2021/10/01 13:32:29.888] -    > {
   >   "jsonrpc": "2.0",
   >   "id": 388,
   >   "method": "eth_getTransactionCount",
   >   "params": [
   >     "0x95b0e6a340f549dccc18d6b9bdd4a8b89ea66602",
   >     "latest"
   >   ],
   >   "internal": true
   > }
[2021/10/01 13:32:29.889] -  <   {
 <     "id": 386,
 <     "jsonrpc": "2.0",
 <     "result": "0x0"
 <   }
[2021/10/01 13:32:29.889] - eth_getBalance
[2021/10/01 13:32:29.890] -    > {
   >   "jsonrpc": "2.0",
   >   "id": 389,
   >   "method": "eth_getBalance",
   >   "params": [
   >     "0xcf65c66876a9c875c4da9d5bb0afc589d653e0ed",
   >     "latest"
   >   ],
   >   "internal": true
   > }
[2021/10/01 13:32:29.892] -  <   {
 <     "id": 387,
 <     "jsonrpc": "2.0",
 <     "result": "0x56bc75e2d63100000"
 <   }
[2021/10/01 13:32:29.893] -  <   {
 <     "id": 388,
 <     "jsonrpc": "2.0",
 <     "result": "0x0"
 <   }
[2021/10/01 13:32:29.895] - eth_getTransactionCount
[2021/10/01 13:32:29.896] -    > {
   >   "jsonrpc": "2.0",
   >   "id": 390,
   >   "method": "eth_getTransactionCount",
   >   "params": [
   >     "0xcf65c66876a9c875c4da9d5bb0afc589d653e0ed",
   >     "latest"
   >   ],
   >   "internal": true
   > }
[2021/10/01 13:32:29.896] - eth_getBalance
[2021/10/01 13:32:29.897] -    > {
   >   "jsonrpc": "2.0",
   >   "id": 391,
   >   "method": "eth_getBalance",
   >   "params": [
   >     "0xece8bb6a6fe955c54ad1ab8e26cfa46b1e731c4e",
   >     "latest"
   >   ],
   >   "internal": true
   > }
[2021/10/01 13:32:29.898] -  <   {
 <     "id": 389,
 <     "jsonrpc": "2.0",
 <     "result": "0x56bc75e2d63100000"
 <   }
[2021/10/01 13:32:29.899] - eth_getTransactionCount
[2021/10/01 13:32:29.900] -    > {
   >   "jsonrpc": "2.0",
   >   "id": 392,
   >   "method": "eth_getTransactionCount",
   >   "params": [
   >     "0xece8bb6a6fe955c54ad1ab8e26cfa46b1e731c4e",
   >     "latest"
   >   ],
   >   "internal": true
   > }
[2021/10/01 13:32:29.901] -  <   {
 <     "id": 390,
 <     "jsonrpc": "2.0",
 <     "result": "0x0"
 <   }
[2021/10/01 13:32:29.902] - eth_getBalance
[2021/10/01 13:32:29.903] -    > {
   >   "jsonrpc": "2.0",
   >   "id": 393,
   >   "method": "eth_getBalance",
   >   "params": [
   >     "0xf81b915d832f05d1e0fed9f975a319efef0bd0de",
   >     "latest"
   >   ],
   >   "internal": true
   > }
[2021/10/01 13:32:29.904] -  <   {
 <     "id": 391,
 <     "jsonrpc": "2.0",
 <     "result": "0x56bc75e2d63100000"
 <   }
[2021/10/01 13:32:29.904] - eth_getTransactionCount
[2021/10/01 13:32:29.905] -    > {
   >   "jsonrpc": "2.0",
   >   "id": 394,
   >   "method": "eth_getTransactionCount",
   >   "params": [
   >     "0xf81b915d832f05d1e0fed9f975a319efef0bd0de",
   >     "latest"
   >   ],
   >   "internal": true
   > }
[2021/10/01 13:32:29.906] -  <   {
 <     "id": 392,
 <     "jsonrpc": "2.0",
 <     "result": "0x0"
 <   }
[2021/10/01 13:32:29.907] - eth_getBalance
[2021/10/01 13:32:29.908] -    > {
   >   "jsonrpc": "2.0",
   >   "id": 395,
   >   "method": "eth_getBalance",
   >   "params": [
   >     "0xca3eeff9fde61a9ba73e17c5655d53d821a7c984",
   >     "latest"
   >   ],
   >   "internal": true
   > }
[2021/10/01 13:32:29.909] -  <   {
 <     "id": 393,
 <     "jsonrpc": "2.0",
 <     "result": "0x56bc75e2d63100000"
 <   }
[2021/10/01 13:32:29.910] - eth_getTransactionCount
[2021/10/01 13:32:29.911] -    > {
   >   "jsonrpc": "2.0",
   >   "id": 396,
   >   "method": "eth_getTransactionCount",
   >   "params": [
   >     "0xca3eeff9fde61a9ba73e17c5655d53d821a7c984",
   >     "latest"
   >   ],
   >   "internal": true
   > }
[2021/10/01 13:32:29.912] -  <   {
 <     "id": 394,
 <     "jsonrpc": "2.0",
 <     "result": "0x0"
 <   }
[2021/10/01 13:32:29.913] - eth_getBalance
[2021/10/01 13:32:29.913] -    > {
   >   "jsonrpc": "2.0",
   >   "id": 397,
   >   "method": "eth_getBalance",
   >   "params": [
   >     "0xfb154d4cd86651894199356da675f500d4cd68b6",
   >     "latest"
   >   ],
   >   "internal": true
   > }
[2021/10/01 13:32:29.914] -  <   {
 <     "id": 395,
 <     "jsonrpc": "2.0",
 <     "result": "0x56bc75e2d63100000"
 <   }
[2021/10/01 13:32:29.915] - eth_getTransactionCount
[2021/10/01 13:32:29.916] -    > {
   >   "jsonrpc": "2.0",
   >   "id": 398,
   >   "method": "eth_getTransactionCount",
   >   "params": [
   >     "0xfb154d4cd86651894199356da675f500d4cd68b6",
   >     "latest"
   >   ],
   >   "internal": true
   > }
[2021/10/01 13:32:29.917] -  <   {
 <     "id": 396,
 <     "jsonrpc": "2.0",
 <     "result": "0x0"
 <   }
[2021/10/01 13:32:29.918] - eth_getBalance
[2021/10/01 13:32:29.918] -    > {
   >   "jsonrpc": "2.0",
   >   "id": 399,
   >   "method": "eth_getBalance",
   >   "params": [
   >     "0x5f64c48848b9f96b50c406ede4a6af72d5154d35",
   >     "latest"
   >   ],
   >   "internal": true
   > }
[2021/10/01 13:32:29.920] -  <   {
 <     "id": 397,
 <     "jsonrpc": "2.0",
 <     "result": "0x56bc75e2d63100000"
 <   }
[2021/10/01 13:32:29.921] - eth_getTransactionCount
[2021/10/01 13:32:29.921] -    > {
   >   "jsonrpc": "2.0",
   >   "id": 400,
   >   "method": "eth_getTransactionCount",
   >   "params": [
   >     "0x5f64c48848b9f96b50c406ede4a6af72d5154d35",
   >     "latest"
   >   ],
   >   "internal": true
   > }
[2021/10/01 13:32:29.922] - eth_getBlockByNumber
[2021/10/01 13:32:29.922] -    > {
   >   "jsonrpc": "2.0",
   >   "id": 379,
   >   "method": "eth_getBlockByNumber",
   >   "params": [
   >     "latest",
   >     false
   >   ],
   >   "internal": true
   > }
[2021/10/01 13:32:29.924] -  <   {
 <     "id": 398,
 <     "jsonrpc": "2.0",
 <     "result": "0x0"
 <   }
[2021/10/01 13:32:29.925] - eth_subscribe
[2021/10/01 13:32:29.926] -    > {
   >   "jsonrpc": "2.0",
   >   "id": 380,
   >   "method": "eth_subscribe",
   >   "params": [
   >     "newHeads"
   >   ],
   >   "internal": true
   > }
[2021/10/01 13:32:29.927] -  <   {
 <     "id": 399,
 <     "jsonrpc": "2.0",
 <     "result": "0x56bc75e2d63100000"
 <   }
[2021/10/01 13:32:29.932] -  <   {
 <     "id": 400,
 <     "jsonrpc": "2.0",
 <     "result": "0x0"
 <   }
[2021/10/01 13:32:29.937] -  <   {
 <     "id": 379,
 <     "jsonrpc": "2.0",
 <     "result": {
 <       "number": "0x0",
 <       "hash": "0xe6a3901bc620cdd0677596f18e53c3ef57aa5434b73ab5259366c4cd89779108",
 <       "parentHash": "0x0000000000000000000000000000000000000000000000000000000000000000",
 <       "mixHash": "0x0000000000000000000000000000000000000000000000000000000000000000",
 <       "nonce": "0x0000000000000000",
 <       "sha3Uncles": "0x1dcc4de8dec75d7aab85b567b6ccd41ad312451b948a7413f0a142fd40d49347",
 <       "logsBloom": "0x00000000000000000000000000000000000000000000000000000000000000000000000000000000000000000000000000000000000000000000000000000000000000000000000000000000000000000000000000000000000000000000000000000000000000000000000000000000000000000000000000000000000000000000000000000000000000000000000000000000000000000000000000000000000000000000000000000000000000000000000000000000000000000000000000000000000000000000000000000000000000000000000000000000000000000000000000000000000000000000000000000000000000000000000000000000",
 <       "transactionsRoot": "0x56e81f171bcc55a6ff8345e692c0f86e5b48e01b996cadc001622fb5e363b421",
 <       "stateRoot": "0xfde296a0bb0e312d42f136b0bfc0e195960c71da7ece8f8a8a538f47a105a6a0",
 <       "receiptsRoot": "0x56e81f171bcc55a6ff8345e692c0f86e5b48e01b996cadc001622fb5e363b421",
 <       "miner": "0x0000000000000000000000000000000000000000",
 <       "difficulty": "0x0",
 <       "totalDifficulty": "0x0",
 <       "extraData": "0x",
 <       "size": "0x3e8",
 <       "gasLimit": "0x6691b7",
 <       "gasUsed": "0x0",
 <       "timestamp": "0x6157705d",
 <       "transactions": [],
 <       "uncles": []
 <     }
 <   }
[2021/10/01 13:32:29.940] -  <   {
 <     "id": 380,
 <     "jsonrpc": "2.0",
 <     "result": "0x6"
 <   }
[2021/10/01 13:32:29.941] - eth_blockNumber
[2021/10/01 13:32:29.941] -    > {
   >   "jsonrpc": "2.0",
   >   "id": 371,
   >   "method": "eth_blockNumber",
   >   "params": [],
   >   "internal": true
   > }
[2021/10/01 13:32:29.945] -  <   {
 <     "id": 371,
 <     "jsonrpc": "2.0",
 <     "result": "0x0"
 <   }
[2021/10/01 13:32:29.959] - eth_getBalance
[2021/10/01 13:32:29.961] -    > {
   >   "jsonrpc": "2.0",
   >   "id": 402,
   >   "method": "eth_getBalance",
   >   "params": [
   >     "0x7bcbd8b641c0d7cfa5e7a508415d2dbdbf2e28dd",
   >     "latest"
   >   ],
   >   "internal": true
   > }
[2021/10/01 13:32:29.962] - eth_getTransactionCount
[2021/10/01 13:32:29.963] -    > {
   >   "jsonrpc": "2.0",
   >   "id": 403,
   >   "method": "eth_getTransactionCount",
   >   "params": [
   >     "0x7bcbd8b641c0d7cfa5e7a508415d2dbdbf2e28dd",
   >     "latest"
   >   ],
   >   "internal": true
   > }
[2021/10/01 13:32:29.964] -  <   {
 <     "id": 402,
 <     "jsonrpc": "2.0",
 <     "result": "0x56bc75e2d63100000"
 <   }
[2021/10/01 13:32:29.965] - eth_getBalance
[2021/10/01 13:32:29.965] -    > {
   >   "jsonrpc": "2.0",
   >   "id": 404,
   >   "method": "eth_getBalance",
   >   "params": [
   >     "0x861dba74ef1a58a870ef1150f4cdafd27b1d7c37",
   >     "latest"
   >   ],
   >   "internal": true
   > }
[2021/10/01 13:32:29.967] -  <   {
 <     "id": 403,
 <     "jsonrpc": "2.0",
 <     "result": "0x0"
 <   }
[2021/10/01 13:32:29.967] - eth_getTransactionCount
[2021/10/01 13:32:29.968] -    > {
   >   "jsonrpc": "2.0",
   >   "id": 405,
   >   "method": "eth_getTransactionCount",
   >   "params": [
   >     "0x861dba74ef1a58a870ef1150f4cdafd27b1d7c37",
   >     "latest"
   >   ],
   >   "internal": true
   > }
[2021/10/01 13:32:29.969] -  <   {
 <     "id": 404,
 <     "jsonrpc": "2.0",
 <     "result": "0x56bc75e2d63100000"
 <   }
[2021/10/01 13:32:29.970] - eth_getBalance
[2021/10/01 13:32:29.970] -    > {
   >   "jsonrpc": "2.0",
   >   "id": 406,
   >   "method": "eth_getBalance",
   >   "params": [
   >     "0xd2ea4869e84f1809075df635e70dc0b4cde52160",
   >     "latest"
   >   ],
   >   "internal": true
   > }
[2021/10/01 13:32:29.971] - eth_getTransactionCount
[2021/10/01 13:32:29.972] -    > {
   >   "jsonrpc": "2.0",
   >   "id": 407,
   >   "method": "eth_getTransactionCount",
   >   "params": [
   >     "0xd2ea4869e84f1809075df635e70dc0b4cde52160",
   >     "latest"
   >   ],
   >   "internal": true
   > }
[2021/10/01 13:32:29.974] -  <   {
 <     "id": 405,
 <     "jsonrpc": "2.0",
 <     "result": "0x0"
 <   }
[2021/10/01 13:32:29.975] - eth_getBalance
[2021/10/01 13:32:29.976] -    > {
   >   "jsonrpc": "2.0",
   >   "id": 408,
   >   "method": "eth_getBalance",
   >   "params": [
   >     "0x95b0e6a340f549dccc18d6b9bdd4a8b89ea66602",
   >     "latest"
   >   ],
   >   "internal": true
   > }
[2021/10/01 13:32:29.976] - eth_getTransactionCount
[2021/10/01 13:32:29.977] -    > {
   >   "jsonrpc": "2.0",
   >   "id": 409,
   >   "method": "eth_getTransactionCount",
   >   "params": [
   >     "0x95b0e6a340f549dccc18d6b9bdd4a8b89ea66602",
   >     "latest"
   >   ],
   >   "internal": true
   > }
[2021/10/01 13:32:29.979] -  <   {
 <     "id": 406,
 <     "jsonrpc": "2.0",
 <     "result": "0x56bc75e2d63100000"
 <   }
[2021/10/01 13:32:29.983] -  <   {
 <     "id": 407,
 <     "jsonrpc": "2.0",
 <     "result": "0x0"
 <   }
[2021/10/01 13:32:29.983] - eth_getBalance
[2021/10/01 13:32:29.984] -    > {
   >   "jsonrpc": "2.0",
   >   "id": 410,
   >   "method": "eth_getBalance",
   >   "params": [
   >     "0xcf65c66876a9c875c4da9d5bb0afc589d653e0ed",
   >     "latest"
   >   ],
   >   "internal": true
   > }
[2021/10/01 13:32:29.985] - eth_getTransactionCount
[2021/10/01 13:32:29.985] -    > {
   >   "jsonrpc": "2.0",
   >   "id": 411,
   >   "method": "eth_getTransactionCount",
   >   "params": [
   >     "0xcf65c66876a9c875c4da9d5bb0afc589d653e0ed",
   >     "latest"
   >   ],
   >   "internal": true
   > }
[2021/10/01 13:32:29.987] -  <   {
 <     "id": 408,
 <     "jsonrpc": "2.0",
 <     "result": "0x56bc75e2d63100000"
 <   }
[2021/10/01 13:32:29.988] - eth_getBalance
[2021/10/01 13:32:29.988] -    > {
   >   "jsonrpc": "2.0",
   >   "id": 412,
   >   "method": "eth_getBalance",
   >   "params": [
   >     "0xece8bb6a6fe955c54ad1ab8e26cfa46b1e731c4e",
   >     "latest"
   >   ],
   >   "internal": true
   > }
[2021/10/01 13:32:29.989] - eth_getTransactionCount
[2021/10/01 13:32:29.989] -    > {
   >   "jsonrpc": "2.0",
   >   "id": 413,
   >   "method": "eth_getTransactionCount",
   >   "params": [
   >     "0xece8bb6a6fe955c54ad1ab8e26cfa46b1e731c4e",
   >     "latest"
   >   ],
   >   "internal": true
   > }
[2021/10/01 13:32:29.990] - eth_getBalance
[2021/10/01 13:32:29.991] -    > {
   >   "jsonrpc": "2.0",
   >   "id": 414,
   >   "method": "eth_getBalance",
   >   "params": [
   >     "0xf81b915d832f05d1e0fed9f975a319efef0bd0de",
   >     "latest"
   >   ],
   >   "internal": true
   > }
[2021/10/01 13:32:29.992] - eth_getTransactionCount
[2021/10/01 13:32:29.992] -    > {
   >   "jsonrpc": "2.0",
   >   "id": 415,
   >   "method": "eth_getTransactionCount",
   >   "params": [
   >     "0xf81b915d832f05d1e0fed9f975a319efef0bd0de",
   >     "latest"
   >   ],
   >   "internal": true
   > }
[2021/10/01 13:32:29.993] -  <   {
 <     "id": 409,
 <     "jsonrpc": "2.0",
 <     "result": "0x0"
 <   }
[2021/10/01 13:32:29.994] - eth_getBalance
[2021/10/01 13:32:29.995] -    > {
   >   "jsonrpc": "2.0",
   >   "id": 416,
   >   "method": "eth_getBalance",
   >   "params": [
   >     "0xca3eeff9fde61a9ba73e17c5655d53d821a7c984",
   >     "latest"
   >   ],
   >   "internal": true
   > }
[2021/10/01 13:32:29.995] - eth_getTransactionCount
[2021/10/01 13:32:29.996] -    > {
   >   "jsonrpc": "2.0",
   >   "id": 417,
   >   "method": "eth_getTransactionCount",
   >   "params": [
   >     "0xca3eeff9fde61a9ba73e17c5655d53d821a7c984",
   >     "latest"
   >   ],
   >   "internal": true
   > }
[2021/10/01 13:32:29.996] - eth_getBalance
[2021/10/01 13:32:29.997] -    > {
   >   "jsonrpc": "2.0",
   >   "id": 418,
   >   "method": "eth_getBalance",
   >   "params": [
   >     "0xfb154d4cd86651894199356da675f500d4cd68b6",
   >     "latest"
   >   ],
   >   "internal": true
   > }
[2021/10/01 13:32:29.998] -  <   {
 <     "id": 410,
 <     "jsonrpc": "2.0",
 <     "result": "0x56bc75e2d63100000"
 <   }
[2021/10/01 13:32:29.999] - eth_getTransactionCount
[2021/10/01 13:32:30.000] -    > {
   >   "jsonrpc": "2.0",
   >   "id": 419,
   >   "method": "eth_getTransactionCount",
   >   "params": [
   >     "0xfb154d4cd86651894199356da675f500d4cd68b6",
   >     "latest"
   >   ],
   >   "internal": true
   > }
[2021/10/01 13:32:30.000] - eth_getBalance
[2021/10/01 13:32:30.001] -    > {
   >   "jsonrpc": "2.0",
   >   "id": 420,
   >   "method": "eth_getBalance",
   >   "params": [
   >     "0x5f64c48848b9f96b50c406ede4a6af72d5154d35",
   >     "latest"
   >   ],
   >   "internal": true
   > }
[2021/10/01 13:32:30.002] -  <   {
 <     "id": 411,
 <     "jsonrpc": "2.0",
 <     "result": "0x0"
 <   }
[2021/10/01 13:32:30.003] - eth_getTransactionCount
[2021/10/01 13:32:30.004] -    > {
   >   "jsonrpc": "2.0",
   >   "id": 421,
   >   "method": "eth_getTransactionCount",
   >   "params": [
   >     "0x5f64c48848b9f96b50c406ede4a6af72d5154d35",
   >     "latest"
   >   ],
   >   "internal": true
   > }
[2021/10/01 13:32:30.005] -  <   {
 <     "id": 412,
 <     "jsonrpc": "2.0",
 <     "result": "0x56bc75e2d63100000"
 <   }
[2021/10/01 13:32:30.006] - eth_getBalance
[2021/10/01 13:32:30.007] -    > {
   >   "jsonrpc": "2.0",
   >   "id": 422,
   >   "method": "eth_getBalance",
   >   "params": [
   >     "0x7bcbd8b641c0d7cfa5e7a508415d2dbdbf2e28dd",
   >     "latest"
   >   ],
   >   "internal": true
   > }
[2021/10/01 13:32:30.007] - eth_getTransactionCount
[2021/10/01 13:32:30.008] -    > {
   >   "jsonrpc": "2.0",
   >   "id": 423,
   >   "method": "eth_getTransactionCount",
   >   "params": [
   >     "0x7bcbd8b641c0d7cfa5e7a508415d2dbdbf2e28dd",
   >     "latest"
   >   ],
   >   "internal": true
   > }
[2021/10/01 13:32:30.009] -  <   {
 <     "id": 413,
 <     "jsonrpc": "2.0",
 <     "result": "0x0"
 <   }
[2021/10/01 13:32:30.010] - eth_getBalance
[2021/10/01 13:32:30.011] -    > {
   >   "jsonrpc": "2.0",
   >   "id": 424,
   >   "method": "eth_getBalance",
   >   "params": [
   >     "0x861dba74ef1a58a870ef1150f4cdafd27b1d7c37",
   >     "latest"
   >   ],
   >   "internal": true
   > }
[2021/10/01 13:32:30.011] - eth_getTransactionCount
[2021/10/01 13:32:30.012] -    > {
   >   "jsonrpc": "2.0",
   >   "id": 425,
   >   "method": "eth_getTransactionCount",
   >   "params": [
   >     "0x861dba74ef1a58a870ef1150f4cdafd27b1d7c37",
   >     "latest"
   >   ],
   >   "internal": true
   > }
[2021/10/01 13:32:30.013] -  <   {
 <     "id": 414,
 <     "jsonrpc": "2.0",
 <     "result": "0x56bc75e2d63100000"
 <   }
[2021/10/01 13:32:30.014] - eth_getBalance
[2021/10/01 13:32:30.014] -    > {
   >   "jsonrpc": "2.0",
   >   "id": 426,
   >   "method": "eth_getBalance",
   >   "params": [
   >     "0xd2ea4869e84f1809075df635e70dc0b4cde52160",
   >     "latest"
   >   ],
   >   "internal": true
   > }
[2021/10/01 13:32:30.016] -  <   {
 <     "id": 415,
 <     "jsonrpc": "2.0",
 <     "result": "0x0"
 <   }
[2021/10/01 13:32:30.016] - eth_getTransactionCount
[2021/10/01 13:32:30.017] -    > {
   >   "jsonrpc": "2.0",
   >   "id": 427,
   >   "method": "eth_getTransactionCount",
   >   "params": [
   >     "0xd2ea4869e84f1809075df635e70dc0b4cde52160",
   >     "latest"
   >   ],
   >   "internal": true
   > }
[2021/10/01 13:32:30.017] - eth_getBalance
[2021/10/01 13:32:30.018] -    > {
   >   "jsonrpc": "2.0",
   >   "id": 428,
   >   "method": "eth_getBalance",
   >   "params": [
   >     "0x95b0e6a340f549dccc18d6b9bdd4a8b89ea66602",
   >     "latest"
   >   ],
   >   "internal": true
   > }
[2021/10/01 13:32:30.019] -  <   {
 <     "id": 416,
 <     "jsonrpc": "2.0",
 <     "result": "0x56bc75e2d63100000"
 <   }
[2021/10/01 13:32:30.020] - eth_getTransactionCount
[2021/10/01 13:32:30.021] -    > {
   >   "jsonrpc": "2.0",
   >   "id": 429,
   >   "method": "eth_getTransactionCount",
   >   "params": [
   >     "0x95b0e6a340f549dccc18d6b9bdd4a8b89ea66602",
   >     "latest"
   >   ],
   >   "internal": true
   > }
[2021/10/01 13:32:30.021] - eth_getBalance
[2021/10/01 13:32:30.022] -    > {
   >   "jsonrpc": "2.0",
   >   "id": 430,
   >   "method": "eth_getBalance",
   >   "params": [
   >     "0xcf65c66876a9c875c4da9d5bb0afc589d653e0ed",
   >     "latest"
   >   ],
   >   "internal": true
   > }
[2021/10/01 13:32:30.024] -  <   {
 <     "id": 417,
 <     "jsonrpc": "2.0",
 <     "result": "0x0"
 <   }
[2021/10/01 13:32:30.025] - eth_getTransactionCount
[2021/10/01 13:32:30.025] -    > {
   >   "jsonrpc": "2.0",
   >   "id": 431,
   >   "method": "eth_getTransactionCount",
   >   "params": [
   >     "0xcf65c66876a9c875c4da9d5bb0afc589d653e0ed",
   >     "latest"
   >   ],
   >   "internal": true
   > }
[2021/10/01 13:32:30.026] -  <   {
 <     "id": 418,
 <     "jsonrpc": "2.0",
 <     "result": "0x56bc75e2d63100000"
 <   }
[2021/10/01 13:32:30.027] - eth_getBalance
[2021/10/01 13:32:30.028] -    > {
   >   "jsonrpc": "2.0",
   >   "id": 432,
   >   "method": "eth_getBalance",
   >   "params": [
   >     "0xece8bb6a6fe955c54ad1ab8e26cfa46b1e731c4e",
   >     "latest"
   >   ],
   >   "internal": true
   > }
[2021/10/01 13:32:30.030] -  <   {
 <     "id": 419,
 <     "jsonrpc": "2.0",
 <     "result": "0x0"
 <   }
[2021/10/01 13:32:30.030] - eth_getTransactionCount
[2021/10/01 13:32:30.031] -    > {
   >   "jsonrpc": "2.0",
   >   "id": 433,
   >   "method": "eth_getTransactionCount",
   >   "params": [
   >     "0xece8bb6a6fe955c54ad1ab8e26cfa46b1e731c4e",
   >     "latest"
   >   ],
   >   "internal": true
   > }
[2021/10/01 13:32:30.032] -  <   {
 <     "id": 420,
 <     "jsonrpc": "2.0",
 <     "result": "0x56bc75e2d63100000"
 <   }
[2021/10/01 13:32:30.033] - eth_getBalance
[2021/10/01 13:32:30.033] -    > {
   >   "jsonrpc": "2.0",
   >   "id": 434,
   >   "method": "eth_getBalance",
   >   "params": [
   >     "0xf81b915d832f05d1e0fed9f975a319efef0bd0de",
   >     "latest"
   >   ],
   >   "internal": true
   > }
[2021/10/01 13:32:30.035] -  <   {
 <     "id": 421,
 <     "jsonrpc": "2.0",
 <     "result": "0x0"
 <   }
[2021/10/01 13:32:30.036] - eth_getTransactionCount
[2021/10/01 13:32:30.037] -    > {
   >   "jsonrpc": "2.0",
   >   "id": 435,
   >   "method": "eth_getTransactionCount",
   >   "params": [
   >     "0xf81b915d832f05d1e0fed9f975a319efef0bd0de",
   >     "latest"
   >   ],
   >   "internal": true
   > }
[2021/10/01 13:32:30.037] - eth_getBalance
[2021/10/01 13:32:30.038] -    > {
   >   "jsonrpc": "2.0",
   >   "id": 436,
   >   "method": "eth_getBalance",
   >   "params": [
   >     "0xca3eeff9fde61a9ba73e17c5655d53d821a7c984",
   >     "latest"
   >   ],
   >   "internal": true
   > }
[2021/10/01 13:32:30.039] -  <   {
 <     "id": 422,
 <     "jsonrpc": "2.0",
 <     "result": "0x56bc75e2d63100000"
 <   }
[2021/10/01 13:32:30.039] - eth_getTransactionCount
[2021/10/01 13:32:30.040] -    > {
   >   "jsonrpc": "2.0",
   >   "id": 437,
   >   "method": "eth_getTransactionCount",
   >   "params": [
   >     "0xca3eeff9fde61a9ba73e17c5655d53d821a7c984",
   >     "latest"
   >   ],
   >   "internal": true
   > }
[2021/10/01 13:32:30.042] -  <   {
 <     "id": 423,
 <     "jsonrpc": "2.0",
 <     "result": "0x0"
 <   }
[2021/10/01 13:32:30.043] - eth_getBalance
[2021/10/01 13:32:30.043] -    > {
   >   "jsonrpc": "2.0",
   >   "id": 438,
   >   "method": "eth_getBalance",
   >   "params": [
   >     "0xfb154d4cd86651894199356da675f500d4cd68b6",
   >     "latest"
   >   ],
   >   "internal": true
   > }
[2021/10/01 13:32:30.045] -  <   {
 <     "id": 424,
 <     "jsonrpc": "2.0",
 <     "result": "0x56bc75e2d63100000"
 <   }
[2021/10/01 13:32:30.046] - eth_getTransactionCount
[2021/10/01 13:32:30.046] -    > {
   >   "jsonrpc": "2.0",
   >   "id": 439,
   >   "method": "eth_getTransactionCount",
   >   "params": [
   >     "0xfb154d4cd86651894199356da675f500d4cd68b6",
   >     "latest"
   >   ],
   >   "internal": true
   > }
[2021/10/01 13:32:30.048] -  <   {
 <     "id": 425,
 <     "jsonrpc": "2.0",
 <     "result": "0x0"
 <   }
[2021/10/01 13:32:30.049] - eth_getBalance
[2021/10/01 13:32:30.049] -    > {
   >   "jsonrpc": "2.0",
   >   "id": 440,
   >   "method": "eth_getBalance",
   >   "params": [
   >     "0x5f64c48848b9f96b50c406ede4a6af72d5154d35",
   >     "latest"
   >   ],
   >   "internal": true
   > }
[2021/10/01 13:32:30.050] -  <   {
 <     "id": 426,
 <     "jsonrpc": "2.0",
 <     "result": "0x56bc75e2d63100000"
 <   }
[2021/10/01 13:32:30.051] - eth_getTransactionCount
[2021/10/01 13:32:30.052] -    > {
   >   "jsonrpc": "2.0",
   >   "id": 441,
   >   "method": "eth_getTransactionCount",
   >   "params": [
   >     "0x5f64c48848b9f96b50c406ede4a6af72d5154d35",
   >     "latest"
   >   ],
   >   "internal": true
   > }
[2021/10/01 13:32:30.058] -  <   {
 <     "id": 427,
 <     "jsonrpc": "2.0",
 <     "result": "0x0"
 <   }
[2021/10/01 13:32:30.062] -  <   {
 <     "id": 428,
 <     "jsonrpc": "2.0",
 <     "result": "0x56bc75e2d63100000"
 <   }
[2021/10/01 13:32:30.067] -  <   {
 <     "id": 429,
 <     "jsonrpc": "2.0",
 <     "result": "0x0"
 <   }
[2021/10/01 13:32:30.068] - eth_getBalance
[2021/10/01 13:32:30.068] -    > {
   >   "jsonrpc": "2.0",
   >   "id": 443,
   >   "method": "eth_getBalance",
   >   "params": [
   >     "0x7bcbd8b641c0d7cfa5e7a508415d2dbdbf2e28dd",
   >     "latest"
   >   ],
   >   "internal": true
   > }
[2021/10/01 13:32:30.069] - eth_getTransactionCount
[2021/10/01 13:32:30.069] -    > {
   >   "jsonrpc": "2.0",
   >   "id": 444,
   >   "method": "eth_getTransactionCount",
   >   "params": [
   >     "0x7bcbd8b641c0d7cfa5e7a508415d2dbdbf2e28dd",
   >     "latest"
   >   ],
   >   "internal": true
   > }
[2021/10/01 13:32:30.070] -  <   {
 <     "id": 430,
 <     "jsonrpc": "2.0",
 <     "result": "0x56bc75e2d63100000"
 <   }
[2021/10/01 13:32:30.071] - eth_getBalance
[2021/10/01 13:32:30.071] -    > {
   >   "jsonrpc": "2.0",
   >   "id": 445,
   >   "method": "eth_getBalance",
   >   "params": [
   >     "0x861dba74ef1a58a870ef1150f4cdafd27b1d7c37",
   >     "latest"
   >   ],
   >   "internal": true
   > }
[2021/10/01 13:32:30.072] - eth_getTransactionCount
[2021/10/01 13:32:30.072] -    > {
   >   "jsonrpc": "2.0",
   >   "id": 446,
   >   "method": "eth_getTransactionCount",
   >   "params": [
   >     "0x861dba74ef1a58a870ef1150f4cdafd27b1d7c37",
   >     "latest"
   >   ],
   >   "internal": true
   > }
[2021/10/01 13:32:30.073] -  <   {
 <     "id": 431,
 <     "jsonrpc": "2.0",
 <     "result": "0x0"
 <   }
[2021/10/01 13:32:30.074] - eth_getBalance
[2021/10/01 13:32:30.075] -    > {
   >   "jsonrpc": "2.0",
   >   "id": 447,
   >   "method": "eth_getBalance",
   >   "params": [
   >     "0xd2ea4869e84f1809075df635e70dc0b4cde52160",
   >     "latest"
   >   ],
   >   "internal": true
   > }
[2021/10/01 13:32:30.075] - eth_getTransactionCount
[2021/10/01 13:32:30.076] -    > {
   >   "jsonrpc": "2.0",
   >   "id": 448,
   >   "method": "eth_getTransactionCount",
   >   "params": [
   >     "0xd2ea4869e84f1809075df635e70dc0b4cde52160",
   >     "latest"
   >   ],
   >   "internal": true
   > }
[2021/10/01 13:32:30.077] -  <   {
 <     "id": 432,
 <     "jsonrpc": "2.0",
 <     "result": "0x56bc75e2d63100000"
 <   }
[2021/10/01 13:32:30.078] - eth_getBalance
[2021/10/01 13:32:30.078] -    > {
   >   "jsonrpc": "2.0",
   >   "id": 449,
   >   "method": "eth_getBalance",
   >   "params": [
   >     "0x95b0e6a340f549dccc18d6b9bdd4a8b89ea66602",
   >     "latest"
   >   ],
   >   "internal": true
   > }
[2021/10/01 13:32:30.079] -  <   {
 <     "id": 433,
 <     "jsonrpc": "2.0",
 <     "result": "0x0"
 <   }
[2021/10/01 13:32:30.080] - eth_getTransactionCount
[2021/10/01 13:32:30.081] -    > {
   >   "jsonrpc": "2.0",
   >   "id": 450,
   >   "method": "eth_getTransactionCount",
   >   "params": [
   >     "0x95b0e6a340f549dccc18d6b9bdd4a8b89ea66602",
   >     "latest"
   >   ],
   >   "internal": true
   > }
[2021/10/01 13:32:30.083] - eth_getBalance
[2021/10/01 13:32:30.083] -    > {
   >   "jsonrpc": "2.0",
   >   "id": 451,
   >   "method": "eth_getBalance",
   >   "params": [
   >     "0xcf65c66876a9c875c4da9d5bb0afc589d653e0ed",
   >     "latest"
   >   ],
   >   "internal": true
   > }
[2021/10/01 13:32:30.087] -  <   {
 <     "id": 434,
 <     "jsonrpc": "2.0",
 <     "result": "0x56bc75e2d63100000"
 <   }
[2021/10/01 13:32:30.088] - eth_getTransactionCount
[2021/10/01 13:32:30.089] -    > {
   >   "jsonrpc": "2.0",
   >   "id": 452,
   >   "method": "eth_getTransactionCount",
   >   "params": [
   >     "0xcf65c66876a9c875c4da9d5bb0afc589d653e0ed",
   >     "latest"
   >   ],
   >   "internal": true
   > }
[2021/10/01 13:32:30.090] - eth_getBalance
[2021/10/01 13:32:30.090] -    > {
   >   "jsonrpc": "2.0",
   >   "id": 453,
   >   "method": "eth_getBalance",
   >   "params": [
   >     "0xece8bb6a6fe955c54ad1ab8e26cfa46b1e731c4e",
   >     "latest"
   >   ],
   >   "internal": true
   > }
[2021/10/01 13:32:30.092] -  <   {
 <     "id": 435,
 <     "jsonrpc": "2.0",
 <     "result": "0x0"
 <   }
[2021/10/01 13:32:30.094] - eth_getTransactionCount
[2021/10/01 13:32:30.094] -    > {
   >   "jsonrpc": "2.0",
   >   "id": 454,
   >   "method": "eth_getTransactionCount",
   >   "params": [
   >     "0xece8bb6a6fe955c54ad1ab8e26cfa46b1e731c4e",
   >     "latest"
   >   ],
   >   "internal": true
   > }
[2021/10/01 13:32:30.095] - eth_getBalance
[2021/10/01 13:32:30.096] -    > {
   >   "jsonrpc": "2.0",
   >   "id": 455,
   >   "method": "eth_getBalance",
   >   "params": [
   >     "0xf81b915d832f05d1e0fed9f975a319efef0bd0de",
   >     "latest"
   >   ],
   >   "internal": true
   > }
[2021/10/01 13:32:30.097] - eth_getTransactionCount
[2021/10/01 13:32:30.097] -    > {
   >   "jsonrpc": "2.0",
   >   "id": 456,
   >   "method": "eth_getTransactionCount",
   >   "params": [
   >     "0xf81b915d832f05d1e0fed9f975a319efef0bd0de",
   >     "latest"
   >   ],
   >   "internal": true
   > }
[2021/10/01 13:32:30.101] -  <   {
 <     "id": 436,
 <     "jsonrpc": "2.0",
 <     "result": "0x56bc75e2d63100000"
 <   }
[2021/10/01 13:32:30.102] - eth_getBalance
[2021/10/01 13:32:30.103] -    > {
   >   "jsonrpc": "2.0",
   >   "id": 457,
   >   "method": "eth_getBalance",
   >   "params": [
   >     "0xca3eeff9fde61a9ba73e17c5655d53d821a7c984",
   >     "latest"
   >   ],
   >   "internal": true
   > }
[2021/10/01 13:32:30.104] - eth_getTransactionCount
[2021/10/01 13:32:30.105] -    > {
   >   "jsonrpc": "2.0",
   >   "id": 458,
   >   "method": "eth_getTransactionCount",
   >   "params": [
   >     "0xca3eeff9fde61a9ba73e17c5655d53d821a7c984",
   >     "latest"
   >   ],
   >   "internal": true
   > }
[2021/10/01 13:32:30.105] - eth_getBalance
[2021/10/01 13:32:30.106] -    > {
   >   "jsonrpc": "2.0",
   >   "id": 459,
   >   "method": "eth_getBalance",
   >   "params": [
   >     "0xfb154d4cd86651894199356da675f500d4cd68b6",
   >     "latest"
   >   ],
   >   "internal": true
   > }
[2021/10/01 13:32:30.108] -  <   {
 <     "id": 437,
 <     "jsonrpc": "2.0",
 <     "result": "0x0"
 <   }
[2021/10/01 13:32:30.109] - eth_getTransactionCount
[2021/10/01 13:32:30.109] -    > {
   >   "jsonrpc": "2.0",
   >   "id": 460,
   >   "method": "eth_getTransactionCount",
   >   "params": [
   >     "0xfb154d4cd86651894199356da675f500d4cd68b6",
   >     "latest"
   >   ],
   >   "internal": true
   > }
[2021/10/01 13:32:30.110] - eth_getBalance
[2021/10/01 13:32:30.111] -    > {
   >   "jsonrpc": "2.0",
   >   "id": 461,
   >   "method": "eth_getBalance",
   >   "params": [
   >     "0x5f64c48848b9f96b50c406ede4a6af72d5154d35",
   >     "latest"
   >   ],
   >   "internal": true
   > }
[2021/10/01 13:32:30.111] - eth_getTransactionCount
[2021/10/01 13:32:30.112] -    > {
   >   "jsonrpc": "2.0",
   >   "id": 462,
   >   "method": "eth_getTransactionCount",
   >   "params": [
   >     "0x5f64c48848b9f96b50c406ede4a6af72d5154d35",
   >     "latest"
   >   ],
   >   "internal": true
   > }
[2021/10/01 13:32:30.113] -  <   {
 <     "id": 438,
 <     "jsonrpc": "2.0",
 <     "result": "0x56bc75e2d63100000"
 <   }
[2021/10/01 13:32:30.120] -  <   {
 <     "id": 439,
 <     "jsonrpc": "2.0",
 <     "result": "0x0"
 <   }
[2021/10/01 13:32:30.124] -  <   {
 <     "id": 440,
 <     "jsonrpc": "2.0",
 <     "result": "0x56bc75e2d63100000"
 <   }
[2021/10/01 13:32:30.131] -  <   {
 <     "id": 441,
 <     "jsonrpc": "2.0",
 <     "result": "0x0"
 <   }
[2021/10/01 13:32:30.137] -  <   {
 <     "id": 443,
 <     "jsonrpc": "2.0",
 <     "result": "0x56bc75e2d63100000"
 <   }
[2021/10/01 13:32:30.141] -  <   {
 <     "id": 444,
 <     "jsonrpc": "2.0",
 <     "result": "0x0"
 <   }
[2021/10/01 13:32:30.147] -  <   {
 <     "id": 445,
 <     "jsonrpc": "2.0",
 <     "result": "0x56bc75e2d63100000"
 <   }
[2021/10/01 13:32:30.151] -  <   {
 <     "id": 446,
 <     "jsonrpc": "2.0",
 <     "result": "0x0"
 <   }
[2021/10/01 13:32:30.157] -  <   {
 <     "id": 447,
 <     "jsonrpc": "2.0",
 <     "result": "0x56bc75e2d63100000"
 <   }
[2021/10/01 13:32:30.163] -  <   {
 <     "id": 448,
 <     "jsonrpc": "2.0",
 <     "result": "0x0"
 <   }
[2021/10/01 13:32:30.167] -  <   {
 <     "id": 449,
 <     "jsonrpc": "2.0",
 <     "result": "0x56bc75e2d63100000"
 <   }
[2021/10/01 13:32:30.171] -  <   {
 <     "id": 450,
 <     "jsonrpc": "2.0",
 <     "result": "0x0"
 <   }
[2021/10/01 13:32:30.175] -  <   {
 <     "id": 451,
 <     "jsonrpc": "2.0",
 <     "result": "0x56bc75e2d63100000"
 <   }
[2021/10/01 13:32:30.181] -  <   {
 <     "id": 452,
 <     "jsonrpc": "2.0",
 <     "result": "0x0"
 <   }
[2021/10/01 13:32:30.187] -  <   {
 <     "id": 453,
 <     "jsonrpc": "2.0",
 <     "result": "0x56bc75e2d63100000"
 <   }
[2021/10/01 13:32:30.191] -  <   {
 <     "id": 454,
 <     "jsonrpc": "2.0",
 <     "result": "0x0"
 <   }
[2021/10/01 13:32:30.195] -  <   {
 <     "id": 455,
 <     "jsonrpc": "2.0",
 <     "result": "0x56bc75e2d63100000"
 <   }
[2021/10/01 13:32:30.201] -  <   {
 <     "id": 456,
 <     "jsonrpc": "2.0",
 <     "result": "0x0"
 <   }
[2021/10/01 13:32:30.205] -  <   {
 <     "id": 457,
 <     "jsonrpc": "2.0",
 <     "result": "0x56bc75e2d63100000"
 <   }
[2021/10/01 13:32:30.212] -  <   {
 <     "id": 458,
 <     "jsonrpc": "2.0",
 <     "result": "0x0"
 <   }
[2021/10/01 13:32:30.216] -  <   {
 <     "id": 459,
 <     "jsonrpc": "2.0",
 <     "result": "0x56bc75e2d63100000"
 <   }
[2021/10/01 13:32:30.220] -  <   {
 <     "id": 460,
 <     "jsonrpc": "2.0",
 <     "result": "0x0"
 <   }
[2021/10/01 13:32:30.224] -  <   {
 <     "id": 461,
 <     "jsonrpc": "2.0",
 <     "result": "0x56bc75e2d63100000"
 <   }
[2021/10/01 13:32:30.230] -  <   {
 <     "id": 462,
 <     "jsonrpc": "2.0",
 <     "result": "0x0"
 <   }
[2021/10/01 13:33:21.240] - eth_getBlockByNumber
[2021/10/01 13:33:21.241] -    > {
   >   "jsonrpc": "2.0",
   >   "id": 463,
   >   "method": "eth_getBlockByNumber",
   >   "params": [
   >     "0x0",
   >     true
   >   ],
   >   "internal": true
   > }
[2021/10/01 13:33:21.246] -  <   {
 <     "id": 463,
 <     "jsonrpc": "2.0",
 <     "result": {
 <       "number": "0x0",
 <       "hash": "0xe6a3901bc620cdd0677596f18e53c3ef57aa5434b73ab5259366c4cd89779108",
 <       "parentHash": "0x0000000000000000000000000000000000000000000000000000000000000000",
 <       "mixHash": "0x0000000000000000000000000000000000000000000000000000000000000000",
 <       "nonce": "0x0000000000000000",
 <       "sha3Uncles": "0x1dcc4de8dec75d7aab85b567b6ccd41ad312451b948a7413f0a142fd40d49347",
 <       "logsBloom": "0x00000000000000000000000000000000000000000000000000000000000000000000000000000000000000000000000000000000000000000000000000000000000000000000000000000000000000000000000000000000000000000000000000000000000000000000000000000000000000000000000000000000000000000000000000000000000000000000000000000000000000000000000000000000000000000000000000000000000000000000000000000000000000000000000000000000000000000000000000000000000000000000000000000000000000000000000000000000000000000000000000000000000000000000000000000000",
 <       "transactionsRoot": "0x56e81f171bcc55a6ff8345e692c0f86e5b48e01b996cadc001622fb5e363b421",
 <       "stateRoot": "0xfde296a0bb0e312d42f136b0bfc0e195960c71da7ece8f8a8a538f47a105a6a0",
 <       "receiptsRoot": "0x56e81f171bcc55a6ff8345e692c0f86e5b48e01b996cadc001622fb5e363b421",
 <       "miner": "0x0000000000000000000000000000000000000000",
 <       "difficulty": "0x0",
 <       "totalDifficulty": "0x0",
 <       "extraData": "0x",
 <       "size": "0x3e8",
 <       "gasLimit": "0x6691b7",
 <       "gasUsed": "0x0",
 <       "timestamp": "0x6157705d",
 <       "transactions": [],
 <       "uncles": []
 <     }
 <   }
